{
  "C:\\Users\\Jheral\\Desktop\\proyecto2\\hc-frontend\\src\\hooks\\useAnamnesis.js": {
    "path": "C:\\Users\\Jheral\\Desktop\\proyecto2\\hc-frontend\\src\\hooks\\useAnamnesis.js",
    "statementMap": {
      "0": {
        "start": { "line": 27, "column": 21 },
        "end": { "line": 27, "column": 38 }
      },
      "1": {
        "start": { "line": 28, "column": 2 },
        "end": { "line": 35, "column": null }
      },
      "2": {
        "start": { "line": 31, "column": 6 },
        "end": { "line": 33, "column": null }
      },
      "3": {
        "start": { "line": 32, "column": 8 },
        "end": { "line": 32, "column": null }
      },
      "4": {
        "start": { "line": 39, "column": 2 },
        "end": { "line": 47, "column": null }
      },
      "5": {
        "start": { "line": 41, "column": 18 },
        "end": { "line": 41, "column": 45 }
      },
      "6": {
        "start": { "line": 51, "column": 21 },
        "end": { "line": 51, "column": 38 }
      },
      "7": {
        "start": { "line": 52, "column": 2 },
        "end": { "line": 58, "column": null }
      },
      "8": {
        "start": { "line": 54, "column": 5 },
        "end": { "line": 54, "column": 48 }
      },
      "9": {
        "start": { "line": 56, "column": 6 },
        "end": { "line": 56, "column": null }
      },
      "10": {
        "start": { "line": 62, "column": 21 },
        "end": { "line": 62, "column": 38 }
      },
      "11": {
        "start": { "line": 63, "column": 2 },
        "end": { "line": 73, "column": null }
      },
      "12": {
        "start": { "line": 66, "column": 6 },
        "end": { "line": 71, "column": null }
      },
      "13": {
        "start": { "line": 67, "column": 8 },
        "end": { "line": 70, "column": null }
      },
      "14": {
        "start": { "line": 77, "column": 2 },
        "end": { "line": 85, "column": null }
      },
      "15": {
        "start": { "line": 79, "column": 18 },
        "end": { "line": 79, "column": 50 }
      },
      "16": {
        "start": { "line": 89, "column": 21 },
        "end": { "line": 89, "column": 38 }
      },
      "17": {
        "start": { "line": 90, "column": 2 },
        "end": { "line": 95, "column": null }
      },
      "18": {
        "start": { "line": 93, "column": 6 },
        "end": { "line": 93, "column": null }
      },
      "19": {
        "start": { "line": 100, "column": 21 },
        "end": { "line": 100, "column": 38 }
      },
      "20": {
        "start": { "line": 101, "column": 2 },
        "end": { "line": 111, "column": null }
      },
      "21": {
        "start": { "line": 104, "column": 6 },
        "end": { "line": 109, "column": null }
      },
      "22": {
        "start": { "line": 105, "column": 8 },
        "end": { "line": 108, "column": null }
      },
      "23": {
        "start": { "line": 115, "column": 2 },
        "end": { "line": 123, "column": null }
      },
      "24": {
        "start": { "line": 117, "column": 18 },
        "end": { "line": 117, "column": 52 }
      },
      "25": {
        "start": { "line": 127, "column": 21 },
        "end": { "line": 127, "column": 38 }
      },
      "26": {
        "start": { "line": 128, "column": 2 },
        "end": { "line": 136, "column": null }
      },
      "27": {
        "start": { "line": 131, "column": 6 },
        "end": { "line": 134, "column": null }
      },
      "28": {
        "start": { "line": 141, "column": 21 },
        "end": { "line": 141, "column": 38 }
      },
      "29": {
        "start": { "line": 142, "column": 2 },
        "end": { "line": 152, "column": null }
      },
      "30": {
        "start": { "line": 145, "column": 6 },
        "end": { "line": 150, "column": null }
      },
      "31": {
        "start": { "line": 146, "column": 8 },
        "end": { "line": 149, "column": null }
      },
      "32": {
        "start": { "line": 156, "column": 2 },
        "end": { "line": 164, "column": null }
      },
      "33": {
        "start": { "line": 158, "column": 18 },
        "end": { "line": 158, "column": 55 }
      },
      "34": {
        "start": { "line": 168, "column": 21 },
        "end": { "line": 168, "column": 38 }
      },
      "35": {
        "start": { "line": 169, "column": 2 },
        "end": { "line": 177, "column": null }
      },
      "36": {
        "start": { "line": 172, "column": 6 },
        "end": { "line": 175, "column": null }
      },
      "37": {
        "start": { "line": 182, "column": 21 },
        "end": { "line": 182, "column": 38 }
      },
      "38": {
        "start": { "line": 183, "column": 2 },
        "end": { "line": 193, "column": null }
      },
      "39": {
        "start": { "line": 186, "column": 6 },
        "end": { "line": 191, "column": null }
      },
      "40": {
        "start": { "line": 187, "column": 8 },
        "end": { "line": 190, "column": null }
      },
      "41": {
        "start": { "line": 197, "column": 2 },
        "end": { "line": 205, "column": null }
      },
      "42": {
        "start": { "line": 199, "column": 18 },
        "end": { "line": 199, "column": 53 }
      },
      "43": {
        "start": { "line": 209, "column": 21 },
        "end": { "line": 209, "column": 38 }
      },
      "44": {
        "start": { "line": 210, "column": 2 },
        "end": { "line": 218, "column": null }
      },
      "45": {
        "start": { "line": 213, "column": 6 },
        "end": { "line": 216, "column": null }
      },
      "46": {
        "start": { "line": 223, "column": 21 },
        "end": { "line": 223, "column": 38 }
      },
      "47": {
        "start": { "line": 224, "column": 2 },
        "end": { "line": 234, "column": null }
      },
      "48": {
        "start": { "line": 227, "column": 6 },
        "end": { "line": 232, "column": null }
      },
      "49": {
        "start": { "line": 228, "column": 8 },
        "end": { "line": 231, "column": null }
      },
      "50": {
        "start": { "line": 238, "column": 2 },
        "end": { "line": 246, "column": null }
      },
      "51": {
        "start": { "line": 240, "column": 18 },
        "end": { "line": 240, "column": 55 }
      },
      "52": {
        "start": { "line": 250, "column": 21 },
        "end": { "line": 250, "column": 38 }
      },
      "53": {
        "start": { "line": 251, "column": 2 },
        "end": { "line": 259, "column": null }
      },
      "54": {
        "start": { "line": 254, "column": 6 },
        "end": { "line": 257, "column": null }
      },
      "55": {
        "start": { "line": 264, "column": 21 },
        "end": { "line": 264, "column": 38 }
      },
      "56": {
        "start": { "line": 265, "column": 2 },
        "end": { "line": 275, "column": null }
      },
      "57": {
        "start": { "line": 268, "column": 6 },
        "end": { "line": 273, "column": null }
      },
      "58": {
        "start": { "line": 269, "column": 8 },
        "end": { "line": 272, "column": null }
      },
      "59": {
        "start": { "line": 279, "column": 2 },
        "end": { "line": 287, "column": null }
      },
      "60": {
        "start": { "line": 281, "column": 18 },
        "end": { "line": 281, "column": 59 }
      },
      "61": {
        "start": { "line": 291, "column": 21 },
        "end": { "line": 291, "column": 38 }
      },
      "62": {
        "start": { "line": 292, "column": 2 },
        "end": { "line": 300, "column": null }
      },
      "63": {
        "start": { "line": 295, "column": 6 },
        "end": { "line": 298, "column": null }
      }
    },
    "fnMap": {
      "0": {
        "name": "useCreateFiliacion",
        "decl": {
          "start": { "line": 26, "column": 16 },
          "end": { "line": 26, "column": 34 }
        },
        "loc": {
          "start": { "line": 26, "column": 37 },
          "end": { "line": 36, "column": null }
        },
        "line": 26
      },
      "1": {
        "name": "(anonymous_1)",
        "decl": {
          "start": { "line": 30, "column": 15 },
          "end": { "line": 30, "column": 16 }
        },
        "loc": {
          "start": { "line": 30, "column": 36 },
          "end": { "line": 34, "column": 5 }
        },
        "line": 30
      },
      "2": {
        "name": "useFiliacion",
        "decl": {
          "start": { "line": 38, "column": 16 },
          "end": { "line": 38, "column": 28 }
        },
        "loc": {
          "start": { "line": 38, "column": 41 },
          "end": { "line": 48, "column": null }
        },
        "line": 38
      },
      "3": {
        "name": "(anonymous_3)",
        "decl": {
          "start": { "line": 41, "column": 13 },
          "end": { "line": 41, "column": 14 }
        },
        "loc": {
          "start": { "line": 41, "column": 18 },
          "end": { "line": 41, "column": 45 }
        },
        "line": 41
      },
      "4": {
        "name": "useUpdateFiliacion",
        "decl": {
          "start": { "line": 50, "column": 16 },
          "end": { "line": 50, "column": 34 }
        },
        "loc": {
          "start": { "line": 50, "column": 37 },
          "end": { "line": 59, "column": null }
        },
        "line": 50
      },
      "5": {
        "name": "(anonymous_5)",
        "decl": {
          "start": { "line": 53, "column": 16 },
          "end": { "line": 53, "column": 17 }
        },
        "loc": {
          "start": { "line": 54, "column": 5 },
          "end": { "line": 54, "column": 48 }
        },
        "line": 54
      },
      "6": {
        "name": "(anonymous_6)",
        "decl": {
          "start": { "line": 55, "column": 15 },
          "end": { "line": 55, "column": 16 }
        },
        "loc": {
          "start": { "line": 55, "column": 36 },
          "end": { "line": 57, "column": 5 }
        },
        "line": 55
      },
      "7": {
        "name": "useCreateMotivoConsulta",
        "decl": {
          "start": { "line": 61, "column": 16 },
          "end": { "line": 61, "column": 39 }
        },
        "loc": {
          "start": { "line": 61, "column": 42 },
          "end": { "line": 74, "column": null }
        },
        "line": 61
      },
      "8": {
        "name": "(anonymous_8)",
        "decl": {
          "start": { "line": 65, "column": 15 },
          "end": { "line": 65, "column": 16 }
        },
        "loc": {
          "start": { "line": 65, "column": 36 },
          "end": { "line": 72, "column": 5 }
        },
        "line": 65
      },
      "9": {
        "name": "useMotivoConsulta",
        "decl": {
          "start": { "line": 76, "column": 16 },
          "end": { "line": 76, "column": 33 }
        },
        "loc": {
          "start": { "line": 76, "column": 46 },
          "end": { "line": 86, "column": null }
        },
        "line": 76
      },
      "10": {
        "name": "(anonymous_10)",
        "decl": {
          "start": { "line": 79, "column": 13 },
          "end": { "line": 79, "column": 14 }
        },
        "loc": {
          "start": { "line": 79, "column": 18 },
          "end": { "line": 79, "column": 50 }
        },
        "line": 79
      },
      "11": {
        "name": "useUpdateMotivoConsulta",
        "decl": {
          "start": { "line": 88, "column": 16 },
          "end": { "line": 88, "column": 39 }
        },
        "loc": {
          "start": { "line": 88, "column": 42 },
          "end": { "line": 96, "column": null }
        },
        "line": 88
      },
      "12": {
        "name": "(anonymous_12)",
        "decl": {
          "start": { "line": 92, "column": 15 },
          "end": { "line": 92, "column": 16 }
        },
        "loc": {
          "start": { "line": 92, "column": 36 },
          "end": { "line": 94, "column": 5 }
        },
        "line": 92
      },
      "13": {
        "name": "useCreateEnfermedadActual",
        "decl": {
          "start": { "line": 99, "column": 16 },
          "end": { "line": 99, "column": 41 }
        },
        "loc": {
          "start": { "line": 99, "column": 44 },
          "end": { "line": 112, "column": null }
        },
        "line": 99
      },
      "14": {
        "name": "(anonymous_14)",
        "decl": {
          "start": { "line": 103, "column": 15 },
          "end": { "line": 103, "column": 16 }
        },
        "loc": {
          "start": { "line": 103, "column": 36 },
          "end": { "line": 110, "column": 5 }
        },
        "line": 103
      },
      "15": {
        "name": "useEnfermedadActual",
        "decl": {
          "start": { "line": 114, "column": 16 },
          "end": { "line": 114, "column": 35 }
        },
        "loc": {
          "start": { "line": 114, "column": 48 },
          "end": { "line": 124, "column": null }
        },
        "line": 114
      },
      "16": {
        "name": "(anonymous_16)",
        "decl": {
          "start": { "line": 117, "column": 13 },
          "end": { "line": 117, "column": 14 }
        },
        "loc": {
          "start": { "line": 117, "column": 18 },
          "end": { "line": 117, "column": 52 }
        },
        "line": 117
      },
      "17": {
        "name": "useUpdateEnfermedadActual",
        "decl": {
          "start": { "line": 126, "column": 16 },
          "end": { "line": 126, "column": 41 }
        },
        "loc": {
          "start": { "line": 126, "column": 44 },
          "end": { "line": 137, "column": null }
        },
        "line": 126
      },
      "18": {
        "name": "(anonymous_18)",
        "decl": {
          "start": { "line": 130, "column": 15 },
          "end": { "line": 130, "column": 16 }
        },
        "loc": {
          "start": { "line": 130, "column": 36 },
          "end": { "line": 135, "column": 5 }
        },
        "line": 130
      },
      "19": {
        "name": "useCreateAntecedentePersonal",
        "decl": {
          "start": { "line": 140, "column": 16 },
          "end": { "line": 140, "column": 44 }
        },
        "loc": {
          "start": { "line": 140, "column": 47 },
          "end": { "line": 153, "column": null }
        },
        "line": 140
      },
      "20": {
        "name": "(anonymous_20)",
        "decl": {
          "start": { "line": 144, "column": 15 },
          "end": { "line": 144, "column": 16 }
        },
        "loc": {
          "start": { "line": 144, "column": 36 },
          "end": { "line": 151, "column": 5 }
        },
        "line": 144
      },
      "21": {
        "name": "useAntecedentePersonal",
        "decl": {
          "start": { "line": 155, "column": 16 },
          "end": { "line": 155, "column": 38 }
        },
        "loc": {
          "start": { "line": 155, "column": 51 },
          "end": { "line": 165, "column": null }
        },
        "line": 155
      },
      "22": {
        "name": "(anonymous_22)",
        "decl": {
          "start": { "line": 158, "column": 13 },
          "end": { "line": 158, "column": 14 }
        },
        "loc": {
          "start": { "line": 158, "column": 18 },
          "end": { "line": 158, "column": 55 }
        },
        "line": 158
      },
      "23": {
        "name": "useUpdateAntecedentePersonal",
        "decl": {
          "start": { "line": 167, "column": 16 },
          "end": { "line": 167, "column": 44 }
        },
        "loc": {
          "start": { "line": 167, "column": 47 },
          "end": { "line": 178, "column": null }
        },
        "line": 167
      },
      "24": {
        "name": "(anonymous_24)",
        "decl": {
          "start": { "line": 171, "column": 15 },
          "end": { "line": 171, "column": 16 }
        },
        "loc": {
          "start": { "line": 171, "column": 36 },
          "end": { "line": 176, "column": 5 }
        },
        "line": 171
      },
      "25": {
        "name": "useCreateAntecedenteMedico",
        "decl": {
          "start": { "line": 181, "column": 16 },
          "end": { "line": 181, "column": 42 }
        },
        "loc": {
          "start": { "line": 181, "column": 45 },
          "end": { "line": 194, "column": null }
        },
        "line": 181
      },
      "26": {
        "name": "(anonymous_26)",
        "decl": {
          "start": { "line": 185, "column": 15 },
          "end": { "line": 185, "column": 16 }
        },
        "loc": {
          "start": { "line": 185, "column": 36 },
          "end": { "line": 192, "column": 5 }
        },
        "line": 185
      },
      "27": {
        "name": "useAntecedenteMedico",
        "decl": {
          "start": { "line": 196, "column": 16 },
          "end": { "line": 196, "column": 36 }
        },
        "loc": {
          "start": { "line": 196, "column": 49 },
          "end": { "line": 206, "column": null }
        },
        "line": 196
      },
      "28": {
        "name": "(anonymous_28)",
        "decl": {
          "start": { "line": 199, "column": 13 },
          "end": { "line": 199, "column": 14 }
        },
        "loc": {
          "start": { "line": 199, "column": 18 },
          "end": { "line": 199, "column": 53 }
        },
        "line": 199
      },
      "29": {
        "name": "useUpdateAntecedenteMedico",
        "decl": {
          "start": { "line": 208, "column": 16 },
          "end": { "line": 208, "column": 42 }
        },
        "loc": {
          "start": { "line": 208, "column": 45 },
          "end": { "line": 219, "column": null }
        },
        "line": 208
      },
      "30": {
        "name": "(anonymous_30)",
        "decl": {
          "start": { "line": 212, "column": 15 },
          "end": { "line": 212, "column": 16 }
        },
        "loc": {
          "start": { "line": 212, "column": 36 },
          "end": { "line": 217, "column": 5 }
        },
        "line": 212
      },
      "31": {
        "name": "useCreateAntecedenteFamiliar",
        "decl": {
          "start": { "line": 222, "column": 16 },
          "end": { "line": 222, "column": 44 }
        },
        "loc": {
          "start": { "line": 222, "column": 47 },
          "end": { "line": 235, "column": null }
        },
        "line": 222
      },
      "32": {
        "name": "(anonymous_32)",
        "decl": {
          "start": { "line": 226, "column": 15 },
          "end": { "line": 226, "column": 16 }
        },
        "loc": {
          "start": { "line": 226, "column": 36 },
          "end": { "line": 233, "column": 5 }
        },
        "line": 226
      },
      "33": {
        "name": "useAntecedenteFamiliar",
        "decl": {
          "start": { "line": 237, "column": 16 },
          "end": { "line": 237, "column": 38 }
        },
        "loc": {
          "start": { "line": 237, "column": 51 },
          "end": { "line": 247, "column": null }
        },
        "line": 237
      },
      "34": {
        "name": "(anonymous_34)",
        "decl": {
          "start": { "line": 240, "column": 13 },
          "end": { "line": 240, "column": 14 }
        },
        "loc": {
          "start": { "line": 240, "column": 18 },
          "end": { "line": 240, "column": 55 }
        },
        "line": 240
      },
      "35": {
        "name": "useUpdateAntecedenteFamiliar",
        "decl": {
          "start": { "line": 249, "column": 16 },
          "end": { "line": 249, "column": 44 }
        },
        "loc": {
          "start": { "line": 249, "column": 47 },
          "end": { "line": 260, "column": null }
        },
        "line": 249
      },
      "36": {
        "name": "(anonymous_36)",
        "decl": {
          "start": { "line": 253, "column": 15 },
          "end": { "line": 253, "column": 16 }
        },
        "loc": {
          "start": { "line": 253, "column": 36 },
          "end": { "line": 258, "column": 5 }
        },
        "line": 253
      },
      "37": {
        "name": "useCreateAntecedenteCumplimiento",
        "decl": {
          "start": { "line": 263, "column": 16 },
          "end": { "line": 263, "column": 48 }
        },
        "loc": {
          "start": { "line": 263, "column": 51 },
          "end": { "line": 276, "column": null }
        },
        "line": 263
      },
      "38": {
        "name": "(anonymous_38)",
        "decl": {
          "start": { "line": 267, "column": 15 },
          "end": { "line": 267, "column": 16 }
        },
        "loc": {
          "start": { "line": 267, "column": 36 },
          "end": { "line": 274, "column": 5 }
        },
        "line": 267
      },
      "39": {
        "name": "useAntecedenteCumplimiento",
        "decl": {
          "start": { "line": 278, "column": 16 },
          "end": { "line": 278, "column": 42 }
        },
        "loc": {
          "start": { "line": 278, "column": 55 },
          "end": { "line": 288, "column": null }
        },
        "line": 278
      },
      "40": {
        "name": "(anonymous_40)",
        "decl": {
          "start": { "line": 281, "column": 13 },
          "end": { "line": 281, "column": 14 }
        },
        "loc": {
          "start": { "line": 281, "column": 18 },
          "end": { "line": 281, "column": 59 }
        },
        "line": 281
      },
      "41": {
        "name": "useUpdateAntecedenteCumplimiento",
        "decl": {
          "start": { "line": 290, "column": 16 },
          "end": { "line": 290, "column": 48 }
        },
        "loc": {
          "start": { "line": 290, "column": 51 },
          "end": { "line": 301, "column": null }
        },
        "line": 290
      },
      "42": {
        "name": "(anonymous_42)",
        "decl": {
          "start": { "line": 294, "column": 15 },
          "end": { "line": 294, "column": 16 }
        },
        "loc": {
          "start": { "line": 294, "column": 36 },
          "end": { "line": 299, "column": 5 }
        },
        "line": 294
      }
    },
    "branchMap": {
      "0": {
        "loc": {
          "start": { "line": 31, "column": 6 },
          "end": { "line": 33, "column": null }
        },
        "type": "if",
        "locations": [
          {
            "start": { "line": 31, "column": 6 },
            "end": { "line": 33, "column": null }
          },
          { "start": {}, "end": {} }
        ],
        "line": 31
      },
      "1": {
        "loc": {
          "start": { "line": 31, "column": 10 },
          "end": { "line": 31, "column": 44 }
        },
        "type": "binary-expr",
        "locations": [
          {
            "start": { "line": 31, "column": 10 },
            "end": { "line": 31, "column": 19 }
          },
          {
            "start": { "line": 31, "column": 23 },
            "end": { "line": 31, "column": 44 }
          }
        ],
        "line": 31
      },
      "2": {
        "loc": {
          "start": { "line": 66, "column": 6 },
          "end": { "line": 71, "column": null }
        },
        "type": "if",
        "locations": [
          {
            "start": { "line": 66, "column": 6 },
            "end": { "line": 71, "column": null }
          },
          { "start": {}, "end": {} }
        ],
        "line": 66
      },
      "3": {
        "loc": {
          "start": { "line": 66, "column": 10 },
          "end": { "line": 66, "column": 44 }
        },
        "type": "binary-expr",
        "locations": [
          {
            "start": { "line": 66, "column": 10 },
            "end": { "line": 66, "column": 19 }
          },
          {
            "start": { "line": 66, "column": 23 },
            "end": { "line": 66, "column": 44 }
          }
        ],
        "line": 66
      },
      "4": {
        "loc": {
          "start": { "line": 104, "column": 6 },
          "end": { "line": 109, "column": null }
        },
        "type": "if",
        "locations": [
          {
            "start": { "line": 104, "column": 6 },
            "end": { "line": 109, "column": null }
          },
          { "start": {}, "end": {} }
        ],
        "line": 104
      },
      "5": {
        "loc": {
          "start": { "line": 104, "column": 10 },
          "end": { "line": 104, "column": 44 }
        },
        "type": "binary-expr",
        "locations": [
          {
            "start": { "line": 104, "column": 10 },
            "end": { "line": 104, "column": 19 }
          },
          {
            "start": { "line": 104, "column": 23 },
            "end": { "line": 104, "column": 44 }
          }
        ],
        "line": 104
      },
      "6": {
        "loc": {
          "start": { "line": 145, "column": 6 },
          "end": { "line": 150, "column": null }
        },
        "type": "if",
        "locations": [
          {
            "start": { "line": 145, "column": 6 },
            "end": { "line": 150, "column": null }
          },
          { "start": {}, "end": {} }
        ],
        "line": 145
      },
      "7": {
        "loc": {
          "start": { "line": 145, "column": 10 },
          "end": { "line": 145, "column": 44 }
        },
        "type": "binary-expr",
        "locations": [
          {
            "start": { "line": 145, "column": 10 },
            "end": { "line": 145, "column": 19 }
          },
          {
            "start": { "line": 145, "column": 23 },
            "end": { "line": 145, "column": 44 }
          }
        ],
        "line": 145
      },
      "8": {
        "loc": {
          "start": { "line": 186, "column": 6 },
          "end": { "line": 191, "column": null }
        },
        "type": "if",
        "locations": [
          {
            "start": { "line": 186, "column": 6 },
            "end": { "line": 191, "column": null }
          },
          { "start": {}, "end": {} }
        ],
        "line": 186
      },
      "9": {
        "loc": {
          "start": { "line": 186, "column": 10 },
          "end": { "line": 186, "column": 44 }
        },
        "type": "binary-expr",
        "locations": [
          {
            "start": { "line": 186, "column": 10 },
            "end": { "line": 186, "column": 19 }
          },
          {
            "start": { "line": 186, "column": 23 },
            "end": { "line": 186, "column": 44 }
          }
        ],
        "line": 186
      },
      "10": {
        "loc": {
          "start": { "line": 227, "column": 6 },
          "end": { "line": 232, "column": null }
        },
        "type": "if",
        "locations": [
          {
            "start": { "line": 227, "column": 6 },
            "end": { "line": 232, "column": null }
          },
          { "start": {}, "end": {} }
        ],
        "line": 227
      },
      "11": {
        "loc": {
          "start": { "line": 227, "column": 10 },
          "end": { "line": 227, "column": 44 }
        },
        "type": "binary-expr",
        "locations": [
          {
            "start": { "line": 227, "column": 10 },
            "end": { "line": 227, "column": 19 }
          },
          {
            "start": { "line": 227, "column": 23 },
            "end": { "line": 227, "column": 44 }
          }
        ],
        "line": 227
      },
      "12": {
        "loc": {
          "start": { "line": 268, "column": 6 },
          "end": { "line": 273, "column": null }
        },
        "type": "if",
        "locations": [
          {
            "start": { "line": 268, "column": 6 },
            "end": { "line": 273, "column": null }
          },
          { "start": {}, "end": {} }
        ],
        "line": 268
      },
      "13": {
        "loc": {
          "start": { "line": 268, "column": 10 },
          "end": { "line": 268, "column": 44 }
        },
        "type": "binary-expr",
        "locations": [
          {
            "start": { "line": 268, "column": 10 },
            "end": { "line": 268, "column": 19 }
          },
          {
            "start": { "line": 268, "column": 23 },
            "end": { "line": 268, "column": 44 }
          }
        ],
        "line": 268
      }
    },
    "s": {
      "0": 2,
      "1": 2,
      "2": 1,
      "3": 1,
      "4": 2,
      "5": 15,
      "6": 2,
      "7": 2,
      "8": 1,
      "9": 1,
      "10": 2,
      "11": 2,
      "12": 1,
      "13": 1,
      "14": 2,
      "15": 15,
      "16": 2,
      "17": 2,
      "18": 1,
      "19": 2,
      "20": 2,
      "21": 1,
      "22": 1,
      "23": 2,
      "24": 15,
      "25": 2,
      "26": 2,
      "27": 1,
      "28": 2,
      "29": 2,
      "30": 1,
      "31": 1,
      "32": 2,
      "33": 15,
      "34": 2,
      "35": 2,
      "36": 1,
      "37": 2,
      "38": 2,
      "39": 1,
      "40": 1,
      "41": 2,
      "42": 15,
      "43": 2,
      "44": 2,
      "45": 1,
      "46": 2,
      "47": 2,
      "48": 1,
      "49": 1,
      "50": 2,
      "51": 15,
      "52": 2,
      "53": 2,
      "54": 1,
      "55": 2,
      "56": 2,
      "57": 1,
      "58": 1,
      "59": 2,
      "60": 15,
      "61": 2,
      "62": 2,
      "63": 1
    },
    "f": {
      "0": 2,
      "1": 1,
      "2": 2,
      "3": 15,
      "4": 2,
      "5": 1,
      "6": 1,
      "7": 2,
      "8": 1,
      "9": 2,
      "10": 15,
      "11": 2,
      "12": 1,
      "13": 2,
      "14": 1,
      "15": 2,
      "16": 15,
      "17": 2,
      "18": 1,
      "19": 2,
      "20": 1,
      "21": 2,
      "22": 15,
      "23": 2,
      "24": 1,
      "25": 2,
      "26": 1,
      "27": 2,
      "28": 15,
      "29": 2,
      "30": 1,
      "31": 2,
      "32": 1,
      "33": 2,
      "34": 15,
      "35": 2,
      "36": 1,
      "37": 2,
      "38": 1,
      "39": 2,
      "40": 15,
      "41": 2,
      "42": 1
    },
    "b": {
      "0": [1, 0],
      "1": [1, 1],
      "2": [1, 0],
      "3": [1, 1],
      "4": [1, 0],
      "5": [1, 1],
      "6": [1, 0],
      "7": [1, 1],
      "8": [1, 0],
      "9": [1, 1],
      "10": [1, 0],
      "11": [1, 1],
      "12": [1, 0],
      "13": [1, 1]
    },
    "meta": {
      "lastBranch": 14,
      "lastFunction": 43,
      "lastStatement": 64,
      "seen": {
        "f:26:16:26:34": 0,
        "s:27:21:27:38": 0,
        "s:28:2:35:Infinity": 1,
        "f:30:15:30:16": 1,
        "b:31:6:33:Infinity:undefined:undefined:undefined:undefined": 0,
        "s:31:6:33:Infinity": 2,
        "b:31:10:31:19:31:23:31:44": 1,
        "s:32:8:32:Infinity": 3,
        "f:38:16:38:28": 2,
        "s:39:2:47:Infinity": 4,
        "f:41:13:41:14": 3,
        "s:41:18:41:45": 5,
        "f:50:16:50:34": 4,
        "s:51:21:51:38": 6,
        "s:52:2:58:Infinity": 7,
        "f:53:16:53:17": 5,
        "s:54:5:54:48": 8,
        "f:55:15:55:16": 6,
        "s:56:6:56:Infinity": 9,
        "f:61:16:61:39": 7,
        "s:62:21:62:38": 10,
        "s:63:2:73:Infinity": 11,
        "f:65:15:65:16": 8,
        "b:66:6:71:Infinity:undefined:undefined:undefined:undefined": 2,
        "s:66:6:71:Infinity": 12,
        "b:66:10:66:19:66:23:66:44": 3,
        "s:67:8:70:Infinity": 13,
        "f:76:16:76:33": 9,
        "s:77:2:85:Infinity": 14,
        "f:79:13:79:14": 10,
        "s:79:18:79:50": 15,
        "f:88:16:88:39": 11,
        "s:89:21:89:38": 16,
        "s:90:2:95:Infinity": 17,
        "f:92:15:92:16": 12,
        "s:93:6:93:Infinity": 18,
        "f:99:16:99:41": 13,
        "s:100:21:100:38": 19,
        "s:101:2:111:Infinity": 20,
        "f:103:15:103:16": 14,
        "b:104:6:109:Infinity:undefined:undefined:undefined:undefined": 4,
        "s:104:6:109:Infinity": 21,
        "b:104:10:104:19:104:23:104:44": 5,
        "s:105:8:108:Infinity": 22,
        "f:114:16:114:35": 15,
        "s:115:2:123:Infinity": 23,
        "f:117:13:117:14": 16,
        "s:117:18:117:52": 24,
        "f:126:16:126:41": 17,
        "s:127:21:127:38": 25,
        "s:128:2:136:Infinity": 26,
        "f:130:15:130:16": 18,
        "s:131:6:134:Infinity": 27,
        "f:140:16:140:44": 19,
        "s:141:21:141:38": 28,
        "s:142:2:152:Infinity": 29,
        "f:144:15:144:16": 20,
        "b:145:6:150:Infinity:undefined:undefined:undefined:undefined": 6,
        "s:145:6:150:Infinity": 30,
        "b:145:10:145:19:145:23:145:44": 7,
        "s:146:8:149:Infinity": 31,
        "f:155:16:155:38": 21,
        "s:156:2:164:Infinity": 32,
        "f:158:13:158:14": 22,
        "s:158:18:158:55": 33,
        "f:167:16:167:44": 23,
        "s:168:21:168:38": 34,
        "s:169:2:177:Infinity": 35,
        "f:171:15:171:16": 24,
        "s:172:6:175:Infinity": 36,
        "f:181:16:181:42": 25,
        "s:182:21:182:38": 37,
        "s:183:2:193:Infinity": 38,
        "f:185:15:185:16": 26,
        "b:186:6:191:Infinity:undefined:undefined:undefined:undefined": 8,
        "s:186:6:191:Infinity": 39,
        "b:186:10:186:19:186:23:186:44": 9,
        "s:187:8:190:Infinity": 40,
        "f:196:16:196:36": 27,
        "s:197:2:205:Infinity": 41,
        "f:199:13:199:14": 28,
        "s:199:18:199:53": 42,
        "f:208:16:208:42": 29,
        "s:209:21:209:38": 43,
        "s:210:2:218:Infinity": 44,
        "f:212:15:212:16": 30,
        "s:213:6:216:Infinity": 45,
        "f:222:16:222:44": 31,
        "s:223:21:223:38": 46,
        "s:224:2:234:Infinity": 47,
        "f:226:15:226:16": 32,
        "b:227:6:232:Infinity:undefined:undefined:undefined:undefined": 10,
        "s:227:6:232:Infinity": 48,
        "b:227:10:227:19:227:23:227:44": 11,
        "s:228:8:231:Infinity": 49,
        "f:237:16:237:38": 33,
        "s:238:2:246:Infinity": 50,
        "f:240:13:240:14": 34,
        "s:240:18:240:55": 51,
        "f:249:16:249:44": 35,
        "s:250:21:250:38": 52,
        "s:251:2:259:Infinity": 53,
        "f:253:15:253:16": 36,
        "s:254:6:257:Infinity": 54,
        "f:263:16:263:48": 37,
        "s:264:21:264:38": 55,
        "s:265:2:275:Infinity": 56,
        "f:267:15:267:16": 38,
        "b:268:6:273:Infinity:undefined:undefined:undefined:undefined": 12,
        "s:268:6:273:Infinity": 57,
        "b:268:10:268:19:268:23:268:44": 13,
        "s:269:8:272:Infinity": 58,
        "f:278:16:278:42": 39,
        "s:279:2:287:Infinity": 59,
        "f:281:13:281:14": 40,
        "s:281:18:281:59": 60,
        "f:290:16:290:48": 41,
        "s:291:21:291:38": 61,
        "s:292:2:300:Infinity": 62,
        "f:294:15:294:16": 42,
        "s:295:6:298:Infinity": 63
      }
    }
  },
  "C:\\Users\\Jheral\\Desktop\\proyecto2\\hc-frontend\\src\\hooks\\useAuth.js": {
    "path": "C:\\Users\\Jheral\\Desktop\\proyecto2\\hc-frontend\\src\\hooks\\useAuth.js",
    "statementMap": {
      "0": {
        "start": { "line": 6, "column": 2 },
        "end": { "line": 14, "column": null }
      },
      "1": {
        "start": { "line": 18, "column": 18 },
        "end": { "line": 18, "column": 32 }
      },
      "2": {
        "start": { "line": 19, "column": 21 },
        "end": { "line": 19, "column": 38 }
      },
      "3": {
        "start": { "line": 20, "column": 2 },
        "end": { "line": 20, "column": null }
      },
      "4": {
        "start": { "line": 21, "column": 2 },
        "end": { "line": 26, "column": null }
      },
      "5": {
        "start": { "line": 24, "column": 6 },
        "end": { "line": 24, "column": null }
      }
    },
    "fnMap": {
      "0": {
        "name": "useCurrentUser",
        "decl": {
          "start": { "line": 5, "column": 16 },
          "end": { "line": 5, "column": 30 }
        },
        "loc": {
          "start": { "line": 5, "column": 33 },
          "end": { "line": 15, "column": null }
        },
        "line": 5
      },
      "1": {
        "name": "useLogin",
        "decl": {
          "start": { "line": 17, "column": 16 },
          "end": { "line": 17, "column": 24 }
        },
        "loc": {
          "start": { "line": 17, "column": 27 },
          "end": { "line": 27, "column": null }
        },
        "line": 17
      },
      "2": {
        "name": "(anonymous_2)",
        "decl": {
          "start": { "line": 23, "column": 15 },
          "end": { "line": 23, "column": 16 }
        },
        "loc": {
          "start": { "line": 23, "column": 21 },
          "end": { "line": 25, "column": 5 }
        },
        "line": 23
      }
    },
    "branchMap": {},
    "s": { "0": 2, "1": 2, "2": 2, "3": 2, "4": 2, "5": 1 },
    "f": { "0": 2, "1": 2, "2": 1 },
    "b": {},
    "meta": {
      "lastBranch": 0,
      "lastFunction": 3,
      "lastStatement": 6,
      "seen": {
        "f:5:16:5:30": 0,
        "s:6:2:14:Infinity": 0,
        "f:17:16:17:24": 1,
        "s:18:18:18:32": 1,
        "s:19:21:19:38": 2,
        "s:20:2:20:Infinity": 3,
        "s:21:2:26:Infinity": 4,
        "f:23:15:23:16": 2,
        "s:24:6:24:Infinity": 5
      }
    }
  },
  "C:\\Users\\Jheral\\Desktop\\proyecto2\\hc-frontend\\src\\hooks\\useCatalog.js": {
    "path": "C:\\Users\\Jheral\\Desktop\\proyecto2\\hc-frontend\\src\\hooks\\useCatalog.js",
    "statementMap": {
      "0": {
        "start": { "line": 8, "column": 26 },
        "end": { "line": 15, "column": 1 }
      },
      "1": {
        "start": { "line": 9, "column": 2 },
        "end": { "line": 14, "column": null }
      },
      "2": {
        "start": { "line": 11, "column": 18 },
        "end": { "line": 11, "column": 44 }
      },
      "3": {
        "start": { "line": 20, "column": 28 },
        "end": { "line": 28, "column": 1 }
      },
      "4": {
        "start": { "line": 21, "column": 2 },
        "end": { "line": 27, "column": null }
      },
      "5": {
        "start": { "line": 23, "column": 18 },
        "end": { "line": 23, "column": 59 }
      },
      "6": {
        "start": { "line": 33, "column": 34 },
        "end": { "line": 40, "column": 1 }
      },
      "7": {
        "start": { "line": 34, "column": 2 },
        "end": { "line": 39, "column": null }
      },
      "8": {
        "start": { "line": 36, "column": 18 },
        "end": { "line": 36, "column": 56 }
      }
    },
    "fnMap": {
      "0": {
        "name": "(anonymous_0)",
        "decl": {
          "start": { "line": 8, "column": 26 },
          "end": { "line": 8, "column": 27 }
        },
        "loc": {
          "start": { "line": 8, "column": 43 },
          "end": { "line": 15, "column": 1 }
        },
        "line": 8
      },
      "1": {
        "name": "(anonymous_1)",
        "decl": {
          "start": { "line": 11, "column": 13 },
          "end": { "line": 11, "column": 14 }
        },
        "loc": {
          "start": { "line": 11, "column": 18 },
          "end": { "line": 11, "column": 44 }
        },
        "line": 11
      },
      "2": {
        "name": "(anonymous_2)",
        "decl": {
          "start": { "line": 20, "column": 28 },
          "end": { "line": 20, "column": 29 }
        },
        "loc": {
          "start": { "line": 20, "column": 34 },
          "end": { "line": 28, "column": 1 }
        },
        "line": 20
      },
      "3": {
        "name": "(anonymous_3)",
        "decl": {
          "start": { "line": 23, "column": 13 },
          "end": { "line": 23, "column": 14 }
        },
        "loc": {
          "start": { "line": 23, "column": 18 },
          "end": { "line": 23, "column": 59 }
        },
        "line": 23
      },
      "4": {
        "name": "(anonymous_4)",
        "decl": {
          "start": { "line": 33, "column": 34 },
          "end": { "line": 33, "column": 35 }
        },
        "loc": {
          "start": { "line": 33, "column": 69 },
          "end": { "line": 40, "column": 1 }
        },
        "line": 33
      },
      "5": {
        "name": "(anonymous_5)",
        "decl": {
          "start": { "line": 36, "column": 13 },
          "end": { "line": 36, "column": 14 }
        },
        "loc": {
          "start": { "line": 36, "column": 18 },
          "end": { "line": 36, "column": 56 }
        },
        "line": 36
      }
    },
    "branchMap": {
      "0": {
        "loc": {
          "start": { "line": 33, "column": 52 },
          "end": { "line": 33, "column": 64 }
        },
        "type": "default-arg",
        "locations": [
          {
            "start": { "line": 33, "column": 62 },
            "end": { "line": 33, "column": 64 }
          }
        ],
        "line": 33
      },
      "1": {
        "loc": {
          "start": { "line": 37, "column": 13 },
          "end": { "line": 37, "column": 34 }
        },
        "type": "binary-expr",
        "locations": [
          {
            "start": { "line": 37, "column": 13 },
            "end": { "line": 37, "column": 26 }
          },
          {
            "start": { "line": 37, "column": 30 },
            "end": { "line": 37, "column": 34 }
          }
        ],
        "line": 37
      }
    },
    "s": {
      "0": 1,
      "1": 2,
      "2": 1,
      "3": 1,
      "4": 2,
      "5": 1,
      "6": 1,
      "7": 2,
      "8": 1
    },
    "f": { "0": 2, "1": 1, "2": 2, "3": 1, "4": 2, "5": 1 },
    "b": { "0": [2], "1": [2, 2] },
    "meta": {
      "lastBranch": 2,
      "lastFunction": 6,
      "lastStatement": 9,
      "seen": {
        "s:8:26:15:1": 0,
        "f:8:26:8:27": 0,
        "s:9:2:14:Infinity": 1,
        "f:11:13:11:14": 1,
        "s:11:18:11:44": 2,
        "s:20:28:28:1": 3,
        "f:20:28:20:29": 2,
        "s:21:2:27:Infinity": 4,
        "f:23:13:23:14": 3,
        "s:23:18:23:59": 5,
        "s:33:34:40:1": 6,
        "f:33:34:33:35": 4,
        "b:33:62:33:64": 0,
        "s:34:2:39:Infinity": 7,
        "f:36:13:36:14": 5,
        "s:36:18:36:56": 8,
        "b:37:13:37:26:37:30:37:34": 1
      }
    }
  },
  "C:\\Users\\Jheral\\Desktop\\proyecto2\\hc-frontend\\src\\hooks\\useDiagnostico.js": {
    "path": "C:\\Users\\Jheral\\Desktop\\proyecto2\\hc-frontend\\src\\hooks\\useDiagnostico.js",
    "statementMap": {
      "0": {
        "start": { "line": 14, "column": 2 },
        "end": { "line": 19, "column": null }
      },
      "1": {
        "start": { "line": 16, "column": 18 },
        "end": { "line": 16, "column": 56 }
      },
      "2": {
        "start": { "line": 23, "column": 21 },
        "end": { "line": 23, "column": 38 }
      },
      "3": {
        "start": { "line": 24, "column": 2 },
        "end": { "line": 31, "column": null }
      },
      "4": {
        "start": { "line": 27, "column": 6 },
        "end": { "line": 29, "column": null }
      },
      "5": {
        "start": { "line": 36, "column": 2 },
        "end": { "line": 41, "column": null }
      },
      "6": {
        "start": { "line": 38, "column": 18 },
        "end": { "line": 38, "column": 45 }
      },
      "7": {
        "start": { "line": 45, "column": 21 },
        "end": { "line": 45, "column": 38 }
      },
      "8": {
        "start": { "line": 46, "column": 2 },
        "end": { "line": 53, "column": null }
      },
      "9": {
        "start": { "line": 49, "column": 6 },
        "end": { "line": 51, "column": null }
      },
      "10": {
        "start": { "line": 57, "column": 21 },
        "end": { "line": 57, "column": 38 }
      },
      "11": {
        "start": { "line": 58, "column": 2 },
        "end": { "line": 65, "column": null }
      },
      "12": {
        "start": { "line": 61, "column": 6 },
        "end": { "line": 63, "column": null }
      },
      "13": {
        "start": { "line": 69, "column": 2 },
        "end": { "line": 74, "column": null }
      },
      "14": {
        "start": { "line": 71, "column": 18 },
        "end": { "line": 71, "column": 62 }
      },
      "15": {
        "start": { "line": 78, "column": 21 },
        "end": { "line": 78, "column": 38 }
      },
      "16": {
        "start": { "line": 79, "column": 2 },
        "end": { "line": 86, "column": null }
      },
      "17": {
        "start": { "line": 82, "column": 6 },
        "end": { "line": 84, "column": null }
      }
    },
    "fnMap": {
      "0": {
        "name": "useDiagnosticoPresuntivo",
        "decl": {
          "start": { "line": 13, "column": 16 },
          "end": { "line": 13, "column": 40 }
        },
        "loc": {
          "start": { "line": 13, "column": 52 },
          "end": { "line": 20, "column": null }
        },
        "line": 13
      },
      "1": {
        "name": "(anonymous_1)",
        "decl": {
          "start": { "line": 16, "column": 13 },
          "end": { "line": 16, "column": 14 }
        },
        "loc": {
          "start": { "line": 16, "column": 18 },
          "end": { "line": 16, "column": 56 }
        },
        "line": 16
      },
      "2": {
        "name": "useMutateDiagnosticoPresuntivo",
        "decl": {
          "start": { "line": 22, "column": 16 },
          "end": { "line": 22, "column": 46 }
        },
        "loc": {
          "start": { "line": 22, "column": 49 },
          "end": { "line": 32, "column": null }
        },
        "line": 22
      },
      "3": {
        "name": "(anonymous_3)",
        "decl": {
          "start": { "line": 26, "column": 15 },
          "end": { "line": 26, "column": 16 }
        },
        "loc": {
          "start": { "line": 26, "column": 28 },
          "end": { "line": 30, "column": 5 }
        },
        "line": 26
      },
      "4": {
        "name": "useDerivacion",
        "decl": {
          "start": { "line": 35, "column": 16 },
          "end": { "line": 35, "column": 29 }
        },
        "loc": {
          "start": { "line": 35, "column": 41 },
          "end": { "line": 42, "column": null }
        },
        "line": 35
      },
      "5": {
        "name": "(anonymous_5)",
        "decl": {
          "start": { "line": 38, "column": 13 },
          "end": { "line": 38, "column": 14 }
        },
        "loc": {
          "start": { "line": 38, "column": 18 },
          "end": { "line": 38, "column": 45 }
        },
        "line": 38
      },
      "6": {
        "name": "useMutateDerivacion",
        "decl": {
          "start": { "line": 44, "column": 16 },
          "end": { "line": 44, "column": 35 }
        },
        "loc": {
          "start": { "line": 44, "column": 38 },
          "end": { "line": 54, "column": null }
        },
        "line": 44
      },
      "7": {
        "name": "(anonymous_7)",
        "decl": {
          "start": { "line": 48, "column": 15 },
          "end": { "line": 48, "column": 16 }
        },
        "loc": {
          "start": { "line": 48, "column": 28 },
          "end": { "line": 52, "column": 5 }
        },
        "line": 48
      },
      "8": {
        "name": "useMutateRespuestaDerivacion",
        "decl": {
          "start": { "line": 56, "column": 16 },
          "end": { "line": 56, "column": 44 }
        },
        "loc": {
          "start": { "line": 56, "column": 47 },
          "end": { "line": 66, "column": null }
        },
        "line": 56
      },
      "9": {
        "name": "(anonymous_9)",
        "decl": {
          "start": { "line": 60, "column": 15 },
          "end": { "line": 60, "column": 16 }
        },
        "loc": {
          "start": { "line": 60, "column": 28 },
          "end": { "line": 64, "column": 5 }
        },
        "line": 60
      },
      "10": {
        "name": "useDiagnosticoClinicasCompleto",
        "decl": {
          "start": { "line": 68, "column": 16 },
          "end": { "line": 68, "column": 46 }
        },
        "loc": {
          "start": { "line": 68, "column": 58 },
          "end": { "line": 75, "column": null }
        },
        "line": 68
      },
      "11": {
        "name": "(anonymous_11)",
        "decl": {
          "start": { "line": 71, "column": 13 },
          "end": { "line": 71, "column": 14 }
        },
        "loc": {
          "start": { "line": 71, "column": 18 },
          "end": { "line": 71, "column": 62 }
        },
        "line": 71
      },
      "12": {
        "name": "useMutateDiagnosticoClinicasCompleto",
        "decl": {
          "start": { "line": 77, "column": 16 },
          "end": { "line": 77, "column": 52 }
        },
        "loc": {
          "start": { "line": 77, "column": 55 },
          "end": { "line": 87, "column": null }
        },
        "line": 77
      },
      "13": {
        "name": "(anonymous_13)",
        "decl": {
          "start": { "line": 81, "column": 15 },
          "end": { "line": 81, "column": 16 }
        },
        "loc": {
          "start": { "line": 81, "column": 28 },
          "end": { "line": 85, "column": 5 }
        },
        "line": 81
      }
    },
    "branchMap": {},
    "s": {
      "0": 2,
      "1": 2,
      "2": 2,
      "3": 2,
      "4": 1,
      "5": 2,
      "6": 3,
      "7": 2,
      "8": 2,
      "9": 1,
      "10": 2,
      "11": 2,
      "12": 1,
      "13": 2,
      "14": 2,
      "15": 2,
      "16": 2,
      "17": 1
    },
    "f": {
      "0": 2,
      "1": 2,
      "2": 2,
      "3": 1,
      "4": 2,
      "5": 3,
      "6": 2,
      "7": 1,
      "8": 2,
      "9": 1,
      "10": 2,
      "11": 2,
      "12": 2,
      "13": 1
    },
    "b": {},
    "meta": {
      "lastBranch": 0,
      "lastFunction": 14,
      "lastStatement": 18,
      "seen": {
        "f:13:16:13:40": 0,
        "s:14:2:19:Infinity": 0,
        "f:16:13:16:14": 1,
        "s:16:18:16:56": 1,
        "f:22:16:22:46": 2,
        "s:23:21:23:38": 2,
        "s:24:2:31:Infinity": 3,
        "f:26:15:26:16": 3,
        "s:27:6:29:Infinity": 4,
        "f:35:16:35:29": 4,
        "s:36:2:41:Infinity": 5,
        "f:38:13:38:14": 5,
        "s:38:18:38:45": 6,
        "f:44:16:44:35": 6,
        "s:45:21:45:38": 7,
        "s:46:2:53:Infinity": 8,
        "f:48:15:48:16": 7,
        "s:49:6:51:Infinity": 9,
        "f:56:16:56:44": 8,
        "s:57:21:57:38": 10,
        "s:58:2:65:Infinity": 11,
        "f:60:15:60:16": 9,
        "s:61:6:63:Infinity": 12,
        "f:68:16:68:46": 10,
        "s:69:2:74:Infinity": 13,
        "f:71:13:71:14": 11,
        "s:71:18:71:62": 14,
        "f:77:16:77:52": 12,
        "s:78:21:78:38": 15,
        "s:79:2:86:Infinity": 16,
        "f:81:15:81:16": 13,
        "s:82:6:84:Infinity": 17
      }
    }
  },
  "C:\\Users\\Jheral\\Desktop\\proyecto2\\hc-frontend\\src\\hooks\\useEvolucion.js": {
    "path": "C:\\Users\\Jheral\\Desktop\\proyecto2\\hc-frontend\\src\\hooks\\useEvolucion.js",
    "statementMap": {
      "0": {
        "start": { "line": 5, "column": 2 },
        "end": { "line": 10, "column": null }
      },
      "1": {
        "start": { "line": 7, "column": 18 },
        "end": { "line": 7, "column": 44 }
      },
      "2": {
        "start": { "line": 14, "column": 21 },
        "end": { "line": 14, "column": 38 }
      },
      "3": {
        "start": { "line": 15, "column": 2 },
        "end": { "line": 23, "column": null }
      },
      "4": {
        "start": { "line": 19, "column": 6 },
        "end": { "line": 21, "column": null }
      }
    },
    "fnMap": {
      "0": {
        "name": "useEvolucion",
        "decl": {
          "start": { "line": 4, "column": 16 },
          "end": { "line": 4, "column": 28 }
        },
        "loc": {
          "start": { "line": 4, "column": 40 },
          "end": { "line": 11, "column": null }
        },
        "line": 4
      },
      "1": {
        "name": "(anonymous_1)",
        "decl": {
          "start": { "line": 7, "column": 13 },
          "end": { "line": 7, "column": 14 }
        },
        "loc": {
          "start": { "line": 7, "column": 18 },
          "end": { "line": 7, "column": 44 }
        },
        "line": 7
      },
      "2": {
        "name": "useAddEvolucion",
        "decl": {
          "start": { "line": 13, "column": 16 },
          "end": { "line": 13, "column": 31 }
        },
        "loc": {
          "start": { "line": 13, "column": 34 },
          "end": { "line": 24, "column": null }
        },
        "line": 13
      },
      "3": {
        "name": "(anonymous_3)",
        "decl": {
          "start": { "line": 17, "column": 15 },
          "end": { "line": 17, "column": 16 }
        },
        "loc": {
          "start": { "line": 17, "column": 28 },
          "end": { "line": 22, "column": 5 }
        },
        "line": 17
      }
    },
    "branchMap": {},
    "s": { "0": 2, "1": 2, "2": 2, "3": 2, "4": 1 },
    "f": { "0": 2, "1": 2, "2": 2, "3": 1 },
    "b": {},
    "meta": {
      "lastBranch": 0,
      "lastFunction": 4,
      "lastStatement": 5,
      "seen": {
        "f:4:16:4:28": 0,
        "s:5:2:10:Infinity": 0,
        "f:7:13:7:14": 1,
        "s:7:18:7:44": 1,
        "f:13:16:13:31": 2,
        "s:14:21:14:38": 2,
        "s:15:2:23:Infinity": 3,
        "f:17:15:17:16": 3,
        "s:19:6:21:Infinity": 4
      }
    }
  },
  "C:\\Users\\Jheral\\Desktop\\proyecto2\\hc-frontend\\src\\hooks\\useExamenFisico.js": {
    "path": "C:\\Users\\Jheral\\Desktop\\proyecto2\\hc-frontend\\src\\hooks\\useExamenFisico.js",
    "statementMap": {
      "0": {
        "start": { "line": 14, "column": 2 },
        "end": { "line": 19, "column": null }
      },
      "1": {
        "start": { "line": 16, "column": 18 },
        "end": { "line": 16, "column": 46 }
      },
      "2": {
        "start": { "line": 23, "column": 21 },
        "end": { "line": 23, "column": 38 }
      },
      "3": {
        "start": { "line": 24, "column": 2 },
        "end": { "line": 31, "column": null }
      },
      "4": {
        "start": { "line": 27, "column": 6 },
        "end": { "line": 29, "column": null }
      },
      "5": {
        "start": { "line": 35, "column": 2 },
        "end": { "line": 40, "column": null }
      },
      "6": {
        "start": { "line": 37, "column": 18 },
        "end": { "line": 37, "column": 47 }
      },
      "7": {
        "start": { "line": 44, "column": 21 },
        "end": { "line": 44, "column": 38 }
      },
      "8": {
        "start": { "line": 45, "column": 2 },
        "end": { "line": 52, "column": null }
      },
      "9": {
        "start": { "line": 48, "column": 6 },
        "end": { "line": 50, "column": null }
      },
      "10": {
        "start": { "line": 56, "column": 2 },
        "end": { "line": 61, "column": null }
      },
      "11": {
        "start": { "line": 58, "column": 18 },
        "end": { "line": 58, "column": 43 }
      },
      "12": {
        "start": { "line": 65, "column": 21 },
        "end": { "line": 65, "column": 38 }
      },
      "13": {
        "start": { "line": 66, "column": 2 },
        "end": { "line": 73, "column": null }
      },
      "14": {
        "start": { "line": 69, "column": 6 },
        "end": { "line": 71, "column": null }
      },
      "15": {
        "start": { "line": 77, "column": 2 },
        "end": { "line": 82, "column": null }
      },
      "16": {
        "start": { "line": 79, "column": 18 },
        "end": { "line": 79, "column": 46 }
      },
      "17": {
        "start": { "line": 86, "column": 21 },
        "end": { "line": 86, "column": 38 }
      },
      "18": {
        "start": { "line": 87, "column": 2 },
        "end": { "line": 94, "column": null }
      },
      "19": {
        "start": { "line": 90, "column": 6 },
        "end": { "line": 92, "column": null }
      }
    },
    "fnMap": {
      "0": {
        "name": "useGeneralExam",
        "decl": {
          "start": { "line": 13, "column": 16 },
          "end": { "line": 13, "column": 30 }
        },
        "loc": {
          "start": { "line": 13, "column": 42 },
          "end": { "line": 20, "column": null }
        },
        "line": 13
      },
      "1": {
        "name": "(anonymous_1)",
        "decl": {
          "start": { "line": 16, "column": 13 },
          "end": { "line": 16, "column": 14 }
        },
        "loc": {
          "start": { "line": 16, "column": 18 },
          "end": { "line": 16, "column": 46 }
        },
        "line": 16
      },
      "2": {
        "name": "useMutateGeneralExam",
        "decl": {
          "start": { "line": 22, "column": 16 },
          "end": { "line": 22, "column": 36 }
        },
        "loc": {
          "start": { "line": 22, "column": 39 },
          "end": { "line": 32, "column": null }
        },
        "line": 22
      },
      "3": {
        "name": "(anonymous_3)",
        "decl": {
          "start": { "line": 26, "column": 15 },
          "end": { "line": 26, "column": 16 }
        },
        "loc": {
          "start": { "line": 26, "column": 28 },
          "end": { "line": 30, "column": 5 }
        },
        "line": 26
      },
      "4": {
        "name": "useRegionalExam",
        "decl": {
          "start": { "line": 34, "column": 16 },
          "end": { "line": 34, "column": 31 }
        },
        "loc": {
          "start": { "line": 34, "column": 43 },
          "end": { "line": 41, "column": null }
        },
        "line": 34
      },
      "5": {
        "name": "(anonymous_5)",
        "decl": {
          "start": { "line": 37, "column": 13 },
          "end": { "line": 37, "column": 14 }
        },
        "loc": {
          "start": { "line": 37, "column": 18 },
          "end": { "line": 37, "column": 47 }
        },
        "line": 37
      },
      "6": {
        "name": "useMutateRegionalExam",
        "decl": {
          "start": { "line": 43, "column": 16 },
          "end": { "line": 43, "column": 37 }
        },
        "loc": {
          "start": { "line": 43, "column": 40 },
          "end": { "line": 53, "column": null }
        },
        "line": 43
      },
      "7": {
        "name": "(anonymous_7)",
        "decl": {
          "start": { "line": 47, "column": 15 },
          "end": { "line": 47, "column": 16 }
        },
        "loc": {
          "start": { "line": 47, "column": 28 },
          "end": { "line": 51, "column": 5 }
        },
        "line": 47
      },
      "8": {
        "name": "useExamBoca",
        "decl": {
          "start": { "line": 55, "column": 16 },
          "end": { "line": 55, "column": 27 }
        },
        "loc": {
          "start": { "line": 55, "column": 39 },
          "end": { "line": 62, "column": null }
        },
        "line": 55
      },
      "9": {
        "name": "(anonymous_9)",
        "decl": {
          "start": { "line": 58, "column": 13 },
          "end": { "line": 58, "column": 14 }
        },
        "loc": {
          "start": { "line": 58, "column": 18 },
          "end": { "line": 58, "column": 43 }
        },
        "line": 58
      },
      "10": {
        "name": "useMutateExamBoca",
        "decl": {
          "start": { "line": 64, "column": 16 },
          "end": { "line": 64, "column": 33 }
        },
        "loc": {
          "start": { "line": 64, "column": 36 },
          "end": { "line": 74, "column": null }
        },
        "line": 64
      },
      "11": {
        "name": "(anonymous_11)",
        "decl": {
          "start": { "line": 68, "column": 15 },
          "end": { "line": 68, "column": 16 }
        },
        "loc": {
          "start": { "line": 68, "column": 28 },
          "end": { "line": 72, "column": 5 }
        },
        "line": 68
      },
      "12": {
        "name": "useHigieneOral",
        "decl": {
          "start": { "line": 76, "column": 16 },
          "end": { "line": 76, "column": 30 }
        },
        "loc": {
          "start": { "line": 76, "column": 42 },
          "end": { "line": 83, "column": null }
        },
        "line": 76
      },
      "13": {
        "name": "(anonymous_13)",
        "decl": {
          "start": { "line": 79, "column": 13 },
          "end": { "line": 79, "column": 14 }
        },
        "loc": {
          "start": { "line": 79, "column": 18 },
          "end": { "line": 79, "column": 46 }
        },
        "line": 79
      },
      "14": {
        "name": "useMutateHigieneOral",
        "decl": {
          "start": { "line": 85, "column": 16 },
          "end": { "line": 85, "column": 36 }
        },
        "loc": {
          "start": { "line": 85, "column": 39 },
          "end": { "line": 95, "column": null }
        },
        "line": 85
      },
      "15": {
        "name": "(anonymous_15)",
        "decl": {
          "start": { "line": 89, "column": 15 },
          "end": { "line": 89, "column": 16 }
        },
        "loc": {
          "start": { "line": 89, "column": 28 },
          "end": { "line": 93, "column": 5 }
        },
        "line": 89
      }
    },
    "branchMap": {},
    "s": {
      "0": 2,
      "1": 2,
      "2": 2,
      "3": 2,
      "4": 1,
      "5": 2,
      "6": 2,
      "7": 2,
      "8": 2,
      "9": 1,
      "10": 2,
      "11": 2,
      "12": 2,
      "13": 2,
      "14": 1,
      "15": 2,
      "16": 2,
      "17": 2,
      "18": 2,
      "19": 1
    },
    "f": {
      "0": 2,
      "1": 2,
      "2": 2,
      "3": 1,
      "4": 2,
      "5": 2,
      "6": 2,
      "7": 1,
      "8": 2,
      "9": 2,
      "10": 2,
      "11": 1,
      "12": 2,
      "13": 2,
      "14": 2,
      "15": 1
    },
    "b": {},
    "meta": {
      "lastBranch": 0,
      "lastFunction": 16,
      "lastStatement": 20,
      "seen": {
        "f:13:16:13:30": 0,
        "s:14:2:19:Infinity": 0,
        "f:16:13:16:14": 1,
        "s:16:18:16:46": 1,
        "f:22:16:22:36": 2,
        "s:23:21:23:38": 2,
        "s:24:2:31:Infinity": 3,
        "f:26:15:26:16": 3,
        "s:27:6:29:Infinity": 4,
        "f:34:16:34:31": 4,
        "s:35:2:40:Infinity": 5,
        "f:37:13:37:14": 5,
        "s:37:18:37:47": 6,
        "f:43:16:43:37": 6,
        "s:44:21:44:38": 7,
        "s:45:2:52:Infinity": 8,
        "f:47:15:47:16": 7,
        "s:48:6:50:Infinity": 9,
        "f:55:16:55:27": 8,
        "s:56:2:61:Infinity": 10,
        "f:58:13:58:14": 9,
        "s:58:18:58:43": 11,
        "f:64:16:64:33": 10,
        "s:65:21:65:38": 12,
        "s:66:2:73:Infinity": 13,
        "f:68:15:68:16": 11,
        "s:69:6:71:Infinity": 14,
        "f:76:16:76:30": 12,
        "s:77:2:82:Infinity": 15,
        "f:79:13:79:14": 13,
        "s:79:18:79:46": 16,
        "f:85:16:85:36": 14,
        "s:86:21:86:38": 17,
        "s:87:2:94:Infinity": 18,
        "f:89:15:89:16": 15,
        "s:90:6:92:Infinity": 19
      }
    }
  },
  "C:\\Users\\Jheral\\Desktop\\proyecto2\\hc-frontend\\src\\hooks\\useHC.js": {
    "path": "C:\\Users\\Jheral\\Desktop\\proyecto2\\hc-frontend\\src\\hooks\\useHC.js",
    "statementMap": {
      "0": {
        "start": { "line": 5, "column": 2 },
        "end": { "line": 14, "column": null }
      },
      "1": {
        "start": { "line": 8, "column": 21 },
        "end": { "line": 8, "column": 61 }
      },
      "2": {
        "start": { "line": 9, "column": 6 },
        "end": { "line": 9, "column": null }
      }
    },
    "fnMap": {
      "0": {
        "name": "useHCsByStudent",
        "decl": {
          "start": { "line": 4, "column": 16 },
          "end": { "line": 4, "column": 31 }
        },
        "loc": {
          "start": { "line": 4, "column": 59 },
          "end": { "line": 15, "column": null }
        },
        "line": 4
      },
      "1": {
        "name": "(anonymous_1)",
        "decl": {
          "start": { "line": 7, "column": 13 },
          "end": { "line": 7, "column": 18 }
        },
        "loc": {
          "start": { "line": 7, "column": 25 },
          "end": { "line": 10, "column": 5 }
        },
        "line": 7
      }
    },
    "branchMap": {
      "0": {
        "loc": {
          "start": { "line": 4, "column": 43 },
          "end": { "line": 4, "column": 57 }
        },
        "type": "default-arg",
        "locations": [
          {
            "start": { "line": 4, "column": 50 },
            "end": { "line": 4, "column": 57 }
          }
        ],
        "line": 4
      },
      "1": {
        "loc": {
          "start": { "line": 9, "column": 13 },
          "end": { "line": 9, "column": 48 }
        },
        "type": "cond-expr",
        "locations": [
          {
            "start": { "line": 9, "column": 37 },
            "end": { "line": 9, "column": 43 }
          },
          {
            "start": { "line": 9, "column": 46 },
            "end": { "line": 9, "column": 48 }
          }
        ],
        "line": 9
      }
    },
    "s": { "0": 5, "1": 2, "2": 2 },
    "f": { "0": 5, "1": 2 },
    "b": { "0": [5], "1": [1, 1] },
    "meta": {
      "lastBranch": 2,
      "lastFunction": 2,
      "lastStatement": 3,
      "seen": {
        "f:4:16:4:31": 0,
        "b:4:50:4:57": 0,
        "s:5:2:14:Infinity": 0,
        "f:7:13:7:18": 1,
        "s:8:21:8:61": 1,
        "s:9:6:9:Infinity": 2,
        "b:9:37:9:43:9:46:9:48": 1
      }
    }
  },
  "C:\\Users\\Jheral\\Desktop\\proyecto2\\hc-frontend\\src\\hooks\\useHistoria.js": {
    "path": "C:\\Users\\Jheral\\Desktop\\proyecto2\\hc-frontend\\src\\hooks\\useHistoria.js",
    "statementMap": {
      "0": {
        "start": { "line": 20, "column": 21 },
        "end": { "line": 20, "column": 38 }
      },
      "1": {
        "start": { "line": 22, "column": 2 },
        "end": { "line": 32, "column": null }
      },
      "2": {
        "start": { "line": 26, "column": 6 },
        "end": { "line": 28, "column": null }
      },
      "3": {
        "start": { "line": 30, "column": 6 },
        "end": { "line": 30, "column": null }
      },
      "4": {
        "start": { "line": 40, "column": 2 },
        "end": { "line": 48, "column": null }
      },
      "5": {
        "start": { "line": 42, "column": 18 },
        "end": { "line": 42, "column": 51 }
      },
      "6": {
        "start": { "line": 56, "column": 21 },
        "end": { "line": 56, "column": 38 }
      },
      "7": {
        "start": { "line": 57, "column": 2 },
        "end": { "line": 67, "column": null }
      },
      "8": {
        "start": { "line": 58, "column": 30 },
        "end": { "line": 58, "column": 52 }
      },
      "9": {
        "start": { "line": 61, "column": 6 },
        "end": { "line": 61, "column": null }
      },
      "10": {
        "start": { "line": 62, "column": 6 },
        "end": { "line": 62, "column": null }
      },
      "11": {
        "start": { "line": 65, "column": 6 },
        "end": { "line": 65, "column": null }
      },
      "12": {
        "start": { "line": 74, "column": 21 },
        "end": { "line": 74, "column": 38 }
      },
      "13": {
        "start": { "line": 75, "column": 2 },
        "end": { "line": 84, "column": null }
      },
      "14": {
        "start": { "line": 76, "column": 30 },
        "end": { "line": 76, "column": 52 }
      },
      "15": {
        "start": { "line": 78, "column": 6 },
        "end": { "line": 78, "column": null }
      },
      "16": {
        "start": { "line": 79, "column": 6 },
        "end": { "line": 79, "column": null }
      },
      "17": {
        "start": { "line": 82, "column": 6 },
        "end": { "line": 82, "column": null }
      }
    },
    "fnMap": {
      "0": {
        "name": "useAssignPatient",
        "decl": {
          "start": { "line": 19, "column": 16 },
          "end": { "line": 19, "column": 32 }
        },
        "loc": {
          "start": { "line": 19, "column": 35 },
          "end": { "line": 33, "column": null }
        },
        "line": 19
      },
      "1": {
        "name": "(anonymous_1)",
        "decl": {
          "start": { "line": 24, "column": 15 },
          "end": { "line": 24, "column": 16 }
        },
        "loc": {
          "start": { "line": 24, "column": 36 },
          "end": { "line": 31, "column": 5 }
        },
        "line": 24
      },
      "2": {
        "name": "usePatientByHistory",
        "decl": {
          "start": { "line": 39, "column": 16 },
          "end": { "line": 39, "column": 35 }
        },
        "loc": {
          "start": { "line": 39, "column": 47 },
          "end": { "line": 49, "column": null }
        },
        "line": 39
      },
      "3": {
        "name": "(anonymous_3)",
        "decl": {
          "start": { "line": 42, "column": 13 },
          "end": { "line": 42, "column": 14 }
        },
        "loc": {
          "start": { "line": 42, "column": 18 },
          "end": { "line": 42, "column": 51 }
        },
        "line": 42
      },
      "4": {
        "name": "useCreateHistoriaClinica",
        "decl": {
          "start": { "line": 55, "column": 16 },
          "end": { "line": 55, "column": 40 }
        },
        "loc": {
          "start": { "line": 55, "column": 43 },
          "end": { "line": 68, "column": null }
        },
        "line": 55
      },
      "5": {
        "name": "(anonymous_5)",
        "decl": {
          "start": { "line": 58, "column": 16 },
          "end": { "line": 58, "column": 17 }
        },
        "loc": {
          "start": { "line": 58, "column": 30 },
          "end": { "line": 58, "column": 52 }
        },
        "line": 58
      },
      "6": {
        "name": "(anonymous_6)",
        "decl": {
          "start": { "line": 59, "column": 15 },
          "end": { "line": 59, "column": 16 }
        },
        "loc": {
          "start": { "line": 59, "column": 21 },
          "end": { "line": 63, "column": 5 }
        },
        "line": 59
      },
      "7": {
        "name": "(anonymous_7)",
        "decl": {
          "start": { "line": 64, "column": 13 },
          "end": { "line": 64, "column": 14 }
        },
        "loc": {
          "start": { "line": 64, "column": 24 },
          "end": { "line": 66, "column": 5 }
        },
        "line": 64
      },
      "8": {
        "name": "useRegisterHc",
        "decl": {
          "start": { "line": 73, "column": 16 },
          "end": { "line": 73, "column": 29 }
        },
        "loc": {
          "start": { "line": 73, "column": 32 },
          "end": { "line": 85, "column": null }
        },
        "line": 73
      },
      "9": {
        "name": "(anonymous_9)",
        "decl": {
          "start": { "line": 76, "column": 16 },
          "end": { "line": 76, "column": 17 }
        },
        "loc": {
          "start": { "line": 76, "column": 30 },
          "end": { "line": 76, "column": 52 }
        },
        "line": 76
      },
      "10": {
        "name": "(anonymous_10)",
        "decl": {
          "start": { "line": 77, "column": 15 },
          "end": { "line": 77, "column": 16 }
        },
        "loc": {
          "start": { "line": 77, "column": 21 },
          "end": { "line": 80, "column": 5 }
        },
        "line": 77
      },
      "11": {
        "name": "(anonymous_11)",
        "decl": {
          "start": { "line": 81, "column": 13 },
          "end": { "line": 81, "column": 14 }
        },
        "loc": {
          "start": { "line": 81, "column": 24 },
          "end": { "line": 83, "column": 5 }
        },
        "line": 81
      }
    },
    "branchMap": {},
    "s": {
      "0": 2,
      "1": 2,
      "2": 1,
      "3": 1,
      "4": 2,
      "5": 1,
      "6": 2,
      "7": 2,
      "8": 1,
      "9": 1,
      "10": 1,
      "11": 0,
      "12": 2,
      "13": 2,
      "14": 1,
      "15": 1,
      "16": 1,
      "17": 0
    },
    "f": {
      "0": 2,
      "1": 1,
      "2": 2,
      "3": 1,
      "4": 2,
      "5": 1,
      "6": 1,
      "7": 0,
      "8": 2,
      "9": 1,
      "10": 1,
      "11": 0
    },
    "b": {},
    "meta": {
      "lastBranch": 0,
      "lastFunction": 12,
      "lastStatement": 18,
      "seen": {
        "f:19:16:19:32": 0,
        "s:20:21:20:38": 0,
        "s:22:2:32:Infinity": 1,
        "f:24:15:24:16": 1,
        "s:26:6:28:Infinity": 2,
        "s:30:6:30:Infinity": 3,
        "f:39:16:39:35": 2,
        "s:40:2:48:Infinity": 4,
        "f:42:13:42:14": 3,
        "s:42:18:42:51": 5,
        "f:55:16:55:40": 4,
        "s:56:21:56:38": 6,
        "s:57:2:67:Infinity": 7,
        "f:58:16:58:17": 5,
        "s:58:30:58:52": 8,
        "f:59:15:59:16": 6,
        "s:61:6:61:Infinity": 9,
        "s:62:6:62:Infinity": 10,
        "f:64:13:64:14": 7,
        "s:65:6:65:Infinity": 11,
        "f:73:16:73:29": 8,
        "s:74:21:74:38": 12,
        "s:75:2:84:Infinity": 13,
        "f:76:16:76:17": 9,
        "s:76:30:76:52": 14,
        "f:77:15:77:16": 10,
        "s:78:6:78:Infinity": 15,
        "s:79:6:79:Infinity": 16,
        "f:81:13:81:14": 11,
        "s:82:6:82:Infinity": 17
      }
    }
  },
  "C:\\Users\\Jheral\\Desktop\\proyecto2\\hc-frontend\\src\\hooks\\usePatients.js": {
    "path": "C:\\Users\\Jheral\\Desktop\\proyecto2\\hc-frontend\\src\\hooks\\usePatients.js",
    "statementMap": {
      "0": {
        "start": { "line": 7, "column": 2 },
        "end": { "line": 13, "column": null }
      },
      "1": {
        "start": { "line": 9, "column": 18 },
        "end": { "line": 9, "column": 48 }
      },
      "2": {
        "start": { "line": 23, "column": 21 },
        "end": { "line": 23, "column": 38 }
      },
      "3": {
        "start": { "line": 25, "column": 2 },
        "end": { "line": 31, "column": null }
      },
      "4": {
        "start": { "line": 29, "column": 6 },
        "end": { "line": 29, "column": null }
      },
      "5": {
        "start": { "line": 35, "column": 21 },
        "end": { "line": 35, "column": 38 }
      },
      "6": {
        "start": { "line": 36, "column": 2 },
        "end": { "line": 43, "column": null }
      },
      "7": {
        "start": { "line": 40, "column": 6 },
        "end": { "line": 40, "column": null }
      },
      "8": {
        "start": { "line": 41, "column": 6 },
        "end": { "line": 41, "column": null }
      }
    },
    "fnMap": {
      "0": {
        "name": "useAdultPatients",
        "decl": {
          "start": { "line": 6, "column": 16 },
          "end": { "line": 6, "column": 32 }
        },
        "loc": {
          "start": { "line": 6, "column": 44 },
          "end": { "line": 14, "column": null }
        },
        "line": 6
      },
      "1": {
        "name": "(anonymous_1)",
        "decl": {
          "start": { "line": 9, "column": 13 },
          "end": { "line": 9, "column": 14 }
        },
        "loc": {
          "start": { "line": 9, "column": 18 },
          "end": { "line": 9, "column": 48 }
        },
        "line": 9
      },
      "2": {
        "name": "useCreatePatient",
        "decl": {
          "start": { "line": 22, "column": 16 },
          "end": { "line": 22, "column": 32 }
        },
        "loc": {
          "start": { "line": 22, "column": 35 },
          "end": { "line": 32, "column": null }
        },
        "line": 22
      },
      "3": {
        "name": "(anonymous_3)",
        "decl": {
          "start": { "line": 27, "column": 15 },
          "end": { "line": 27, "column": 16 }
        },
        "loc": {
          "start": { "line": 27, "column": 21 },
          "end": { "line": 30, "column": 5 }
        },
        "line": 27
      },
      "4": {
        "name": "useUpdatePatient",
        "decl": {
          "start": { "line": 34, "column": 16 },
          "end": { "line": 34, "column": 32 }
        },
        "loc": {
          "start": { "line": 34, "column": 35 },
          "end": { "line": 44, "column": null }
        },
        "line": 34
      },
      "5": {
        "name": "(anonymous_5)",
        "decl": {
          "start": { "line": 38, "column": 15 },
          "end": { "line": 38, "column": 16 }
        },
        "loc": {
          "start": { "line": 38, "column": 21 },
          "end": { "line": 42, "column": 5 }
        },
        "line": 38
      }
    },
    "branchMap": {},
    "s": {
      "0": 2,
      "1": 3,
      "2": 2,
      "3": 2,
      "4": 1,
      "5": 2,
      "6": 2,
      "7": 1,
      "8": 1
    },
    "f": { "0": 2, "1": 3, "2": 2, "3": 1, "4": 2, "5": 1 },
    "b": {},
    "meta": {
      "lastBranch": 0,
      "lastFunction": 6,
      "lastStatement": 9,
      "seen": {
        "f:6:16:6:32": 0,
        "s:7:2:13:Infinity": 0,
        "f:9:13:9:14": 1,
        "s:9:18:9:48": 1,
        "f:22:16:22:32": 2,
        "s:23:21:23:38": 2,
        "s:25:2:31:Infinity": 3,
        "f:27:15:27:16": 3,
        "s:29:6:29:Infinity": 4,
        "f:34:16:34:32": 4,
        "s:35:21:35:38": 5,
        "s:36:2:43:Infinity": 6,
        "f:38:15:38:16": 5,
        "s:40:6:40:Infinity": 7,
        "s:41:6:41:Infinity": 8
      }
    }
  },
  "C:\\Users\\Jheral\\Desktop\\proyecto2\\hc-frontend\\src\\hooks\\useStudents.js": {
    "path": "C:\\Users\\Jheral\\Desktop\\proyecto2\\hc-frontend\\src\\hooks\\useStudents.js",
    "statementMap": {
      "0": {
        "start": { "line": 4, "column": 27 },
        "end": { "line": 11, "column": 1 }
      },
      "1": {
        "start": { "line": 5, "column": 2 },
        "end": { "line": 10, "column": null }
      }
    },
    "fnMap": {
      "0": {
        "name": "(anonymous_0)",
        "decl": {
          "start": { "line": 4, "column": 27 },
          "end": { "line": 4, "column": 28 }
        },
        "loc": {
          "start": { "line": 4, "column": 33 },
          "end": { "line": 11, "column": 1 }
        },
        "line": 4
      }
    },
    "branchMap": {},
    "s": { "0": 1, "1": 2 },
    "f": { "0": 2 },
    "b": {},
    "meta": {
      "lastBranch": 0,
      "lastFunction": 1,
      "lastStatement": 2,
      "seen": { "s:4:27:11:1": 0, "f:4:27:4:28": 0, "s:5:2:10:Infinity": 1 }
    }
  },
  "C:\\Users\\Jheral\\Desktop\\proyecto2\\hc-frontend\\src\\services\\fetchAnamnesis.js": {
    "path": "C:\\Users\\Jheral\\Desktop\\proyecto2\\hc-frontend\\src\\services\\fetchAnamnesis.js",
    "statementMap": {
      "0": {
        "start": { "line": 3, "column": 41 },
        "end": { "line": 21, "column": 1 }
      },
      "1": {
        "start": { "line": 4, "column": 19 },
        "end": { "line": 12, "column": 3 }
      },
      "2": {
        "start": { "line": 13, "column": 2 },
        "end": { "line": 19, "column": null }
      },
      "3": {
        "start": { "line": 14, "column": 22 },
        "end": { "line": 14, "column": 61 }
      },
      "4": {
        "start": { "line": 14, "column": 57 },
        "end": { "line": 14, "column": 59 }
      },
      "5": {
        "start": { "line": 15, "column": 4 },
        "end": { "line": 15, "column": null }
      },
      "6": {
        "start": { "line": 16, "column": 4 },
        "end": { "line": 18, "column": null }
      },
      "7": {
        "start": { "line": 20, "column": 2 },
        "end": { "line": 20, "column": null }
      },
      "8": {
        "start": { "line": 24, "column": 40 },
        "end": { "line": 38, "column": 1 }
      },
      "9": {
        "start": { "line": 25, "column": 19 },
        "end": { "line": 30, "column": 3 }
      },
      "10": {
        "start": { "line": 31, "column": 2 },
        "end": { "line": 36, "column": null }
      },
      "11": {
        "start": { "line": 32, "column": 4 },
        "end": { "line": 34, "column": null }
      },
      "12": {
        "start": { "line": 33, "column": 6 },
        "end": { "line": 33, "column": null }
      },
      "13": {
        "start": { "line": 35, "column": 4 },
        "end": { "line": 35, "column": null }
      },
      "14": {
        "start": { "line": 37, "column": 2 },
        "end": { "line": 37, "column": null }
      },
      "15": {
        "start": { "line": 41, "column": 41 },
        "end": { "line": 55, "column": 1 }
      },
      "16": {
        "start": { "line": 42, "column": 19 },
        "end": { "line": 50, "column": 3 }
      },
      "17": {
        "start": { "line": 51, "column": 2 },
        "end": { "line": 53, "column": null }
      },
      "18": {
        "start": { "line": 52, "column": 4 },
        "end": { "line": 52, "column": null }
      },
      "19": {
        "start": { "line": 54, "column": 2 },
        "end": { "line": 54, "column": null }
      },
      "20": {
        "start": { "line": 58, "column": 39 },
        "end": { "line": 76, "column": 1 }
      },
      "21": {
        "start": { "line": 59, "column": 19 },
[...]
        "s:30:20:30:59": 14,
        "f:30:48:30:49": 3,
        "s:30:54:30:58": 15,
        "s:31:4:31:42": 16,
        "s:32:4:32:69": 17,
        "b:32:20:32:36:32:40:32:67": 5,
        "s:34:2:34:25": 18
      }
    }
  },
  "C:\\Users\\Jheral\\Desktop\\proyecto2\\hc-frontend\\src\\services\\fetchLogout.js": {
    "path": "C:\\Users\\Jheral\\Desktop\\proyecto2\\hc-frontend\\src\\services\\fetchLogout.js",
    "statementMap": {
      "0": {
        "start": { "line": 2, "column": 19 },
        "end": { "line": 5, "column": 4 }
      },
      "1": {
        "start": { "line": 6, "column": 2 },
        "end": { "line": 9, "column": null }
      },
      "2": {
        "start": { "line": 7, "column": 20 },
        "end": { "line": 7, "column": 59 }
      },
      "3": {
        "start": { "line": 7, "column": 54 },
        "end": { "line": 7, "column": 58 }
      },
      "4": {
        "start": { "line": 8, "column": 4 },
        "end": { "line": 8, "column": null }
      },
      "5": {
        "start": { "line": 10, "column": 2 },
        "end": { "line": 10, "column": null }
      }
    },
    "fnMap": {
      "0": {
        "name": "fetchLogout",
        "decl": {
          "start": { "line": 1, "column": 36 },
          "end": { "line": 1, "column": null }
        },
        "loc": {
          "start": { "line": 1, "column": 36 },
          "end": { "line": 11, "column": null }
        },
        "line": 1
      },
      "1": {
        "name": "(anonymous_1)",
        "decl": {
          "start": { "line": 7, "column": 48 },
          "end": { "line": 7, "column": 49 }
        },
        "loc": {
          "start": { "line": 7, "column": 54 },
          "end": { "line": 7, "column": 58 }
        },
        "line": 7
      }
    },
    "branchMap": {
      "0": {
        "loc": {
          "start": { "line": 6, "column": 2 },
          "end": { "line": 9, "column": null }
        },
        "type": "if",
        "locations": [
          {
            "start": { "line": 6, "column": 2 },
            "end": { "line": 9, "column": null }
          },
          { "start": {}, "end": {} }
        ],
        "line": 6
      },
      "1": {
        "loc": {
          "start": { "line": 8, "column": 20 },
          "end": { "line": 8, "column": 67 }
        },
        "type": "binary-expr",
        "locations": [
          {
            "start": { "line": 8, "column": 20 },
            "end": { "line": 8, "column": 36 }
          },
          {
            "start": { "line": 8, "column": 40 },
            "end": { "line": 8, "column": 67 }
          }
        ],
        "line": 8
      }
    },
    "s": { "0": 2, "1": 2, "2": 1, "3": 0, "4": 1, "5": 1 },
    "f": { "0": 2, "1": 0 },
    "b": { "0": [1, 1], "1": [1, 0] },
    "meta": {
      "lastBranch": 2,
      "lastFunction": 2,
      "lastStatement": 6,
      "seen": {
        "f:1:36:1:Infinity": 0,
        "s:2:19:5:4": 0,
        "b:6:2:9:Infinity:undefined:undefined:undefined:undefined": 0,
        "s:6:2:9:Infinity": 1,
        "s:7:20:7:59": 2,
        "f:7:48:7:49": 1,
        "s:7:54:7:58": 3,
        "s:8:4:8:Infinity": 4,
        "b:8:20:8:36:8:40:8:67": 1,
        "s:10:2:10:Infinity": 5
      }
    }
  },
  "C:\\Users\\Jheral\\Desktop\\proyecto2\\hc-frontend\\src\\services\\fetchPatient.js": {
    "path": "C:\\Users\\Jheral\\Desktop\\proyecto2\\hc-frontend\\src\\services\\fetchPatient.js",
    "statementMap": {
      "0": {
        "start": { "line": 1, "column": 57 },
        "end": { "line": 17, "column": 1 }
      },
      "1": {
        "start": { "line": 2, "column": 19 },
        "end": { "line": 7, "column": 4 }
      },
      "2": {
        "start": { "line": 8, "column": 2 },
        "end": { "line": 15, "column": null }
      },
      "3": {
        "start": { "line": 9, "column": 20 },
        "end": { "line": 9, "column": 59 }
      },
      "4": {
        "start": { "line": 9, "column": 54 },
        "end": { "line": 9, "column": 58 }
      },
      "5": {
        "start": { "line": 10, "column": 4 },
        "end": { "line": 10, "column": null }
      },
      "6": {
        "start": { "line": 11, "column": 16 },
        "end": { "line": 11, "column": 72 }
      },
      "7": {
        "start": { "line": 12, "column": 4 },
        "end": { "line": 12, "column": null }
      },
      "8": {
        "start": { "line": 13, "column": 4 },
        "end": { "line": 13, "column": null }
      },
      "9": {
        "start": { "line": 14, "column": 4 },
        "end": { "line": 14, "column": null }
      },
      "10": {
        "start": { "line": 16, "column": 2 },
        "end": { "line": 16, "column": null }
      },
      "11": {
        "start": { "line": 19, "column": 34 },
        "end": { "line": 39, "column": 1 }
      },
      "12": {
        "start": { "line": 20, "column": 19 },
        "end": { "line": 28, "column": 3 }
      },
      "13": {
        "start": { "line": 30, "column": 2 },
        "end": { "line": 36, "column": null }
      },
      "14": {
        "start": { "line": 31, "column": 20 },
        "end": { "line": 31, "column": 59 }
      },
      "15": {
        "start": { "line": 31, "column": 54 },
        "end": { "line": 31, "column": 58 }
      },
      "16": {
        "start": { "line": 32, "column": 16 },
        "end": { "line": 32, "column": 72 }
      },
      "17": {
        "start": { "line": 33, "column": 4 },
        "end": { "line": 33, "column": null }
      },
      "18": {
        "start": { "line": 34, "column": 4 },
        "end": { "line": 34, "column": null }
      },
      "19": {
        "start": { "line": 35, "column": 4 },
        "end": { "line": 35, "column": null }
      },
      "20": {
        "start": { "line": 38, "column": 2 },
        "end": { "line": 38, "column": null }
      }
    },
    "fnMap": {
      "0": {
        "name": "(anonymous_0)",
        "decl": {
          "start": { "line": 1, "column": 57 },
          "end": { "line": 1, "column": null }
        },
        "loc": {
          "start": { "line": 1, "column": 57 },
          "end": { "line": 17, "column": 1 }
        },
        "line": 1
      },
      "1": {
        "name": "(anonymous_1)",
        "decl": {
          "start": { "line": 9, "column": 48 },
          "end": { "line": 9, "column": 49 }
        },
        "loc": {
          "start": { "line": 9, "column": 54 },
          "end": { "line": 9, "column": 58 }
        },
        "line": 9
      },
      "2": {
        "name": "(anonymous_2)",
        "decl": {
          "start": { "line": 19, "column": 34 },
          "end": { "line": 19, "column": 39 }
        },
        "loc": {
          "start": { "line": 19, "column": 58 },
          "end": { "line": 39, "column": 1 }
        },
        "line": 19
      },
      "3": {
        "name": "(anonymous_3)",
        "decl": {
          "start": { "line": 31, "column": 48 },
          "end": { "line": 31, "column": 49 }
        },
        "loc": {
          "start": { "line": 31, "column": 54 },
          "end": { "line": 31, "column": 58 }
        },
        "line": 31
      }
    },
    "branchMap": {
      "0": {
        "loc": {
          "start": { "line": 8, "column": 2 },
          "end": { "line": 15, "column": null }
        },
        "type": "if",
        "locations": [
          {
            "start": { "line": 8, "column": 2 },
            "end": { "line": 15, "column": null }
          },
          { "start": {}, "end": {} }
        ],
        "line": 8
      },
      "1": {
        "loc": {
          "start": { "line": 11, "column": 26 },
          "end": { "line": 11, "column": 71 }
        },
        "type": "binary-expr",
        "locations": [
          {
            "start": { "line": 11, "column": 26 },
            "end": { "line": 11, "column": 40 }
          },
          {
            "start": { "line": 11, "column": 44 },
            "end": { "line": 11, "column": 71 }
          }
        ],
        "line": 11
      },
      "2": {
        "loc": {
          "start": { "line": 30, "column": 2 },
          "end": { "line": 36, "column": null }
        },
        "type": "if",
        "locations": [
          {
            "start": { "line": 30, "column": 2 },
            "end": { "line": 36, "column": null }
          },
          { "start": {}, "end": {} }
        ],
        "line": 30
      },
      "3": {
        "loc": {
          "start": { "line": 32, "column": 26 },
          "end": { "line": 32, "column": 71 }
        },
        "type": "binary-expr",
        "locations": [
          {
            "start": { "line": 32, "column": 26 },
            "end": { "line": 32, "column": 40 }
          },
          {
            "start": { "line": 32, "column": 44 },
            "end": { "line": 32, "column": 71 }
          }
        ],
        "line": 32
      }
    },
    "s": {
      "0": 1,
      "1": 2,
      "2": 2,
      "3": 1,
      "4": 0,
      "5": 1,
      "6": 1,
      "7": 1,
      "8": 1,
      "9": 1,
      "10": 1,
      "11": 1,
      "12": 2,
      "13": 2,
      "14": 1,
      "15": 0,
      "16": 1,
      "17": 1,
      "18": 1,
      "19": 1,
      "20": 1
    },
    "f": { "0": 2, "1": 0, "2": 2, "3": 0 },
    "b": { "0": [1, 1], "1": [1, 0], "2": [1, 1], "3": [1, 0] },
    "meta": {
      "lastBranch": 4,
      "lastFunction": 4,
      "lastStatement": 21,
      "seen": {
        "s:1:57:17:1": 0,
        "f:1:57:1:Infinity": 0,
        "s:2:19:7:4": 1,
        "b:8:2:15:Infinity:undefined:undefined:undefined:undefined": 0,
        "s:8:2:15:Infinity": 2,
        "s:9:20:9:59": 3,
        "f:9:48:9:49": 1,
        "s:9:54:9:58": 4,
        "s:10:4:10:Infinity": 5,
        "s:11:16:11:72": 6,
        "b:11:26:11:40:11:44:11:71": 1,
        "s:12:4:12:Infinity": 7,
        "s:13:4:13:Infinity": 8,
        "s:14:4:14:Infinity": 9,
        "s:16:2:16:Infinity": 10,
        "s:19:34:39:1": 11,
        "f:19:34:19:39": 2,
        "s:20:19:28:3": 12,
        "b:30:2:36:Infinity:undefined:undefined:undefined:undefined": 2,
        "s:30:2:36:Infinity": 13,
        "s:31:20:31:59": 14,
        "f:31:48:31:49": 3,
        "s:31:54:31:58": 15,
        "s:32:16:32:72": 16,
        "b:32:26:32:40:32:44:32:71": 3,
        "s:33:4:33:Infinity": 17,
        "s:34:4:34:Infinity": 18,
        "s:35:4:35:Infinity": 19,
        "s:38:2:38:Infinity": 20
      }
    }
  },
  "C:\\Users\\Jheral\\Desktop\\proyecto2\\hc-frontend\\src\\services\\fetchPatients.js": {
    "path": "C:\\Users\\Jheral\\Desktop\\proyecto2\\hc-frontend\\src\\services\\fetchPatients.js",
    "statementMap": {
      "0": {
        "start": { "line": 1, "column": 55 },
        "end": { "line": 15, "column": 1 }
      },
      "1": {
        "start": { "line": 2, "column": 19 },
        "end": { "line": 9, "column": 3 }
      },
      "2": {
        "start": { "line": 10, "column": 2 },
        "end": { "line": 13, "column": null }
      },
      "3": {
        "start": { "line": 11, "column": 20 },
        "end": { "line": 11, "column": 59 }
      },
      "4": {
        "start": { "line": 11, "column": 54 },
        "end": { "line": 11, "column": 58 }
      },
      "5": {
        "start": { "line": 12, "column": 4 },
        "end": { "line": 12, "column": null }
      },
      "6": {
        "start": { "line": 14, "column": 2 },
        "end": { "line": 14, "column": null }
      }
    },
    "fnMap": {
      "0": {
        "name": "(anonymous_0)",
        "decl": {
          "start": { "line": 1, "column": 55 },
          "end": { "line": 1, "column": null }
        },
        "loc": {
          "start": { "line": 1, "column": 55 },
          "end": { "line": 15, "column": 1 }
        },
        "line": 1
      },
      "1": {
        "name": "(anonymous_1)",
        "decl": {
          "start": { "line": 11, "column": 48 },
          "end": { "line": 11, "column": 49 }
        },
        "loc": {
          "start": { "line": 11, "column": 54 },
          "end": { "line": 11, "column": 58 }
        },
        "line": 11
      }
    },
    "branchMap": {
      "0": {
        "loc": {
          "start": { "line": 10, "column": 2 },
          "end": { "line": 13, "column": null }
        },
        "type": "if",
        "locations": [
          {
            "start": { "line": 10, "column": 2 },
            "end": { "line": 13, "column": null }
          },
          { "start": {}, "end": {} }
        ],
        "line": 10
      },
      "1": {
        "loc": {
          "start": { "line": 12, "column": 20 },
          "end": { "line": 12, "column": 67 }
        },
        "type": "binary-expr",
        "locations": [
          {
            "start": { "line": 12, "column": 20 },
            "end": { "line": 12, "column": 36 }
          },
          {
            "start": { "line": 12, "column": 40 },
            "end": { "line": 12, "column": 67 }
          }
        ],
        "line": 12
      }
    },
    "s": { "0": 1, "1": 2, "2": 2, "3": 1, "4": 0, "5": 1, "6": 1 },
    "f": { "0": 2, "1": 0 },
    "b": { "0": [1, 1], "1": [1, 0] },
    "meta": {
      "lastBranch": 2,
      "lastFunction": 2,
      "lastStatement": 7,
      "seen": {
        "s:1:55:15:1": 0,
        "f:1:55:1:Infinity": 0,
        "s:2:19:9:3": 1,
        "b:10:2:13:Infinity:undefined:undefined:undefined:undefined": 0,
        "s:10:2:13:Infinity": 2,
        "s:11:20:11:59": 3,
        "f:11:48:11:49": 1,
        "s:11:54:11:58": 4,
        "s:12:4:12:Infinity": 5,
        "b:12:20:12:36:12:40:12:67": 1,
        "s:14:2:14:Infinity": 6
      }
    }
  },
  "C:\\Users\\Jheral\\Desktop\\proyecto2\\hc-frontend\\src\\services\\fetchStudents.js": {
    "path": "C:\\Users\\Jheral\\Desktop\\proyecto2\\hc-frontend\\src\\services\\fetchStudents.js",
    "statementMap": {
      "0": {
        "start": { "line": 1, "column": 41 },
        "end": { "line": 18, "column": 1 }
      },
      "1": {
        "start": { "line": 2, "column": 19 },
        "end": { "line": 9, "column": 3 }
      },
      "2": {
        "start": { "line": 11, "column": 2 },
        "end": { "line": 15, "column": null }
      },
      "3": {
        "start": { "line": 12, "column": 20 },
        "end": { "line": 12, "column": 59 }
      },
      "4": {
        "start": { "line": 12, "column": 54 },
        "end": { "line": 12, "column": 58 }
      },
      "5": {
        "start": { "line": 13, "column": 4 },
        "end": { "line": 13, "column": null }
      },
      "6": {
        "start": { "line": 14, "column": 4 },
        "end": { "line": 14, "column": null }
      },
      "7": {
        "start": { "line": 17, "column": 2 },
        "end": { "line": 17, "column": null }
      },
      "8": {
        "start": { "line": 20, "column": 32 },
        "end": { "line": 37, "column": 1 }
      },
      "9": {
        "start": { "line": 21, "column": 19 },
        "end": { "line": 28, "column": 3 }
      },
      "10": {
        "start": { "line": 30, "column": 2 },
        "end": { "line": 34, "column": null }
      },
      "11": {
        "start": { "line": 31, "column": 20 },
        "end": { "line": 31, "column": 59 }
      },
      "12": {
        "start": { "line": 31, "column": 54 },
        "end": { "line": 31, "column": 58 }
      },
      "13": {
        "start": { "line": 32, "column": 4 },
        "end": { "line": 32, "column": null }
      },
      "14": {
        "start": { "line": 33, "column": 4 },
        "end": { "line": 33, "column": null }
      },
      "15": {
        "start": { "line": 36, "column": 2 },
        "end": { "line": 36, "column": null }
      }
    },
    "fnMap": {
      "0": {
        "name": "(anonymous_0)",
        "decl": {
          "start": { "line": 1, "column": 41 },
          "end": { "line": 1, "column": null }
        },
        "loc": {
          "start": { "line": 1, "column": 41 },
          "end": { "line": 18, "column": 1 }
        },
        "line": 1
      },
      "1": {
        "name": "(anonymous_1)",
        "decl": {
          "start": { "line": 12, "column": 48 },
          "end": { "line": 12, "column": 49 }
        },
        "loc": {
          "start": { "line": 12, "column": 54 },
          "end": { "line": 12, "column": 58 }
        },
        "line": 12
      },
      "2": {
        "name": "(anonymous_2)",
        "decl": {
          "start": { "line": 20, "column": 32 },
          "end": { "line": 20, "column": 37 }
        },
        "loc": {
          "start": { "line": 20, "column": 46 },
          "end": { "line": 37, "column": 1 }
        },
        "line": 20
      },
      "3": {
        "name": "(anonymous_3)",
        "decl": {
          "start": { "line": 31, "column": 48 },
          "end": { "line": 31, "column": 49 }
        },
        "loc": {
          "start": { "line": 31, "column": 54 },
          "end": { "line": 31, "column": 58 }
        },
        "line": 31
      }
    },
    "branchMap": {
      "0": {
        "loc": {
          "start": { "line": 11, "column": 2 },
          "end": { "line": 15, "column": null }
        },
        "type": "if",
        "locations": [
          {
            "start": { "line": 11, "column": 2 },
            "end": { "line": 15, "column": null }
          },
          { "start": {}, "end": {} }
        ],
        "line": 11
      },
      "1": {
        "loc": {
          "start": { "line": 14, "column": 20 },
          "end": { "line": 14, "column": 67 }
        },
        "type": "binary-expr",
        "locations": [
          {
            "start": { "line": 14, "column": 20 },
            "end": { "line": 14, "column": 36 }
          },
          {
            "start": { "line": 14, "column": 40 },
            "end": { "line": 14, "column": 67 }
          }
        ],
        "line": 14
      },
      "2": {
        "loc": {
          "start": { "line": 30, "column": 2 },
          "end": { "line": 34, "column": null }
        },
        "type": "if",
        "locations": [
          {
            "start": { "line": 30, "column": 2 },
            "end": { "line": 34, "column": null }
          },
          { "start": {}, "end": {} }
        ],
        "line": 30
      },
      "3": {
        "loc": {
          "start": { "line": 33, "column": 20 },
          "end": { "line": 33, "column": 67 }
        },
        "type": "binary-expr",
        "locations": [
          {
            "start": { "line": 33, "column": 20 },
            "end": { "line": 33, "column": 36 }
          },
          {
            "start": { "line": 33, "column": 40 },
            "end": { "line": 33, "column": 67 }
          }
        ],
        "line": 33
      }
    },
    "s": {
      "0": 1,
      "1": 2,
      "2": 2,
      "3": 1,
      "4": 0,
      "5": 1,
      "6": 1,
      "7": 1,
      "8": 1,
      "9": 2,
      "10": 2,
      "11": 1,
      "12": 0,
      "13": 1,
      "14": 1,
      "15": 1
    },
    "f": { "0": 2, "1": 0, "2": 2, "3": 0 },
    "b": { "0": [1, 1], "1": [1, 0], "2": [1, 1], "3": [1, 0] },
    "meta": {
      "lastBranch": 4,
      "lastFunction": 4,
      "lastStatement": 16,
      "seen": {
        "s:1:41:18:1": 0,
        "f:1:41:1:Infinity": 0,
        "s:2:19:9:3": 1,
        "b:11:2:15:Infinity:undefined:undefined:undefined:undefined": 0,
        "s:11:2:15:Infinity": 2,
        "s:12:20:12:59": 3,
        "f:12:48:12:49": 1,
        "s:12:54:12:58": 4,
        "s:13:4:13:Infinity": 5,
        "s:14:4:14:Infinity": 6,
        "b:14:20:14:36:14:40:14:67": 1,
        "s:17:2:17:Infinity": 7,
        "s:20:32:37:1": 8,
        "f:20:32:20:37": 2,
        "s:21:19:28:3": 9,
        "b:30:2:34:Infinity:undefined:undefined:undefined:undefined": 2,
        "s:30:2:34:Infinity": 10,
        "s:31:20:31:59": 11,
        "f:31:48:31:49": 3,
        "s:31:54:31:58": 12,
        "s:32:4:32:Infinity": 13,
        "s:33:4:33:Infinity": 14,
        "b:33:20:33:36:33:40:33:67": 3,
        "s:36:2:36:Infinity": 15
      }
    }
  }
}
